2020-10-14 15:12:03.195  INFO 27168 --- [main] com.example.demo.DemoApplication         : Starting DemoApplication on DESKTOP-5PPEK6U with PID 27168 (E:\1.IDEA\Workspace\spring-boot-hello\target\classes started by long_tao in E:\1.IDEA\Workspace\spring-boot-hello)
2020-10-14 15:12:03.214  INFO 27168 --- [main] com.example.demo.DemoApplication         : No active profile set, falling back to default profiles: default
2020-10-14 15:12:04.014  INFO 27168 --- [main] .s.d.r.c.RepositoryConfigurationDelegate : Multiple Spring Data modules found, entering strict repository configuration mode!
2020-10-14 15:12:04.017  INFO 27168 --- [main] .s.d.r.c.RepositoryConfigurationDelegate : Bootstrapping Spring Data Redis repositories in DEFAULT mode.
2020-10-14 15:12:04.071  INFO 27168 --- [main] .s.d.r.c.RepositoryConfigurationDelegate : Finished Spring Data repository scanning in 32ms. Found 0 Redis repository interfaces.
2020-10-14 15:12:05.022  INFO 27168 --- [main] o.s.b.w.embedded.tomcat.TomcatWebServer  : Tomcat initialized with port(s): 8080 (http)
2020-10-14 15:12:05.032  INFO 27168 --- [main] o.apache.catalina.core.StandardService   : Starting service [Tomcat]
2020-10-14 15:12:05.032  INFO 27168 --- [main] org.apache.catalina.core.StandardEngine  : Starting Servlet engine: [Apache Tomcat/9.0.35]
2020-10-14 15:12:05.135  INFO 27168 --- [main] o.a.c.c.C.[Tomcat].[localhost].[/]       : Initializing Spring embedded WebApplicationContext
2020-10-14 15:12:05.136  INFO 27168 --- [main] o.s.web.context.ContextLoader            : Root WebApplicationContext: initialization completed in 1867 ms
2020-10-14 15:12:08.179  INFO 27168 --- [main] o.s.b.w.embedded.tomcat.TomcatWebServer  : Tomcat started on port(s): 8080 (http) with context path ''
2020-10-14 15:12:08.187  INFO 27168 --- [main] com.example.demo.DemoApplication         : Started DemoApplication in 5.47 seconds (JVM running for 7.061)
2020-10-14 15:12:54.414  INFO 27168 --- [http-nio-8080-exec-2] o.a.c.c.C.[Tomcat].[localhost].[/]       : Initializing Spring DispatcherServlet 'dispatcherServlet'
2020-10-14 15:12:54.414  INFO 27168 --- [http-nio-8080-exec-2] o.s.web.servlet.DispatcherServlet        : Initializing Servlet 'dispatcherServlet'
2020-10-14 15:12:54.433  INFO 27168 --- [http-nio-8080-exec-2] o.s.web.servlet.DispatcherServlet        : Completed initialization in 19 ms
2020-10-14 15:12:54.487  INFO 27168 --- [http-nio-8080-exec-2] c.e.d.base.aspect.BaseBeforeAspection    : ------BaseBeforeAspect---获取到请求参数------
2020-10-14 15:12:54.489  INFO 27168 --- [http-nio-8080-exec-2] c.e.d.base.aspect.BaseBeforeAspection    : ---入口方法:com.example.demo.executer.bookInfo.controller.BookInfoController
2020-10-14 15:12:54.490  INFO 27168 --- [http-nio-8080-exec-2] c.e.d.base.aspect.BaseBeforeAspection    : ---请求方法:importExcel
2020-10-14 15:12:54.567  INFO 27168 --- [http-nio-8080-exec-2] c.e.d.base.aspect.BaseBeforeAspection    : 不能打印请求参数
2020-10-14 15:12:54.570  INFO 27168 --- [http-nio-8080-exec-2] c.e.d.e.b.controller.BookInfoController  : ------------importExcel start------------
2020-10-14 15:12:54.958  INFO 27168 --- [http-nio-8080-exec-2] c.e.d.e.b.e.BookInfoExcelListener        : data = BookInfoExcelModel(bookName=java从入门到精通, bookPrice=55.5, bookAuther=Jack Tomas, bookType=科技, rareFlag=非珍本, press=四川工业大学出版社, pressDate=Thu Oct 01 00:00:00 CST 2020, remark=null)
2020-10-14 15:12:54.958  INFO 27168 --- [http-nio-8080-exec-2] c.e.d.e.b.e.BookInfoExcelListener        : data = BookInfoExcelModel(bookName=明朝那些事儿, bookPrice=48.5, bookAuther=王朝青, bookType=文学, rareFlag=非珍本, press=辽宁出版社, pressDate=Wed Apr 28 00:00:00 CST 2010, remark=null)
2020-10-14 15:12:54.965  INFO 27168 --- [http-nio-8080-exec-2] c.e.d.e.b.controller.BookInfoController  : ------------importExcel end------------
2020-10-14 15:12:54.967  INFO 27168 --- [http-nio-8080-exec-2] c.e.d.base.aspect.BaseBeforeAspection    : ---commonAfter返回参数:{"code":"000000","data":"","msg":"交易成功"}
2020-10-14 15:12:54.981  INFO 27168 --- [pool-2-thread-1] com.zaxxer.hikari.HikariDataSource       : HikariPool-1 - Starting...
2020-10-14 15:12:56.101  INFO 27168 --- [pool-2-thread-1] com.zaxxer.hikari.HikariDataSource       : HikariPool-1 - Start completed.
2020-10-14 15:12:56.162 DEBUG 27168 --- [pool-2-thread-1] c.e.d.e.b.dao.BookInfoDao.insertOne      : ==>  Preparing: insert into t_book_info( id, book_name, book_price, book_auther, book_type, rare_flag, press, press_date, remark ) values( ?, ?, ?, ?, ?, ?, ?, ?, ? ); 
2020-10-14 15:12:56.173 DEBUG 27168 --- [pool-2-thread-1] c.e.d.e.b.dao.BookInfoDao.insertOne      : ==> Parameters: 1000001(Long), java从入门到精通(String), 55.5(BigDecimal), Jack Tomas(String), 6(String), null, 四川工业大学出版社(String), 2020-10-01 00:00:00.0(Timestamp), null
2020-10-14 15:12:56.181 DEBUG 27168 --- [pool-2-thread-1] c.e.d.e.b.dao.BookInfoDao.insertOne      : <==    Updates: 1
2020-10-14 15:12:56.182 DEBUG 27168 --- [pool-2-thread-2] c.e.d.e.b.dao.BookInfoDao.insertOne      : ==>  Preparing: insert into t_book_info( id, book_name, book_price, book_auther, book_type, rare_flag, press, press_date, remark ) values( ?, ?, ?, ?, ?, ?, ?, ?, ? ); 
2020-10-14 15:12:56.182 DEBUG 27168 --- [pool-2-thread-2] c.e.d.e.b.dao.BookInfoDao.insertOne      : ==> Parameters: 1000002(Long), 明朝那些事儿(String), 48.5(BigDecimal), 王朝青(String), 2(String), null, 辽宁出版社(String), 2010-04-28 00:00:00.0(Timestamp), null
2020-10-14 15:12:56.189 DEBUG 27168 --- [pool-2-thread-2] c.e.d.e.b.dao.BookInfoDao.insertOne      : <==    Updates: 1
2020-10-14 15:18:57.467  INFO 27168 --- [SpringContextShutdownHook] com.zaxxer.hikari.HikariDataSource       : HikariPool-1 - Shutdown initiated...
2020-10-14 15:18:57.476  INFO 27168 --- [SpringContextShutdownHook] com.zaxxer.hikari.HikariDataSource       : HikariPool-1 - Shutdown completed.
2020-10-14 15:19:02.854  INFO 16292 --- [main] com.example.demo.DemoApplication         : Starting DemoApplication on DESKTOP-5PPEK6U with PID 16292 (E:\1.IDEA\Workspace\spring-boot-hello\target\classes started by long_tao in E:\1.IDEA\Workspace\spring-boot-hello)
2020-10-14 15:19:02.858  INFO 16292 --- [main] com.example.demo.DemoApplication         : No active profile set, falling back to default profiles: default
2020-10-14 15:19:03.595  INFO 16292 --- [main] .s.d.r.c.RepositoryConfigurationDelegate : Multiple Spring Data modules found, entering strict repository configuration mode!
2020-10-14 15:19:03.597  INFO 16292 --- [main] .s.d.r.c.RepositoryConfigurationDelegate : Bootstrapping Spring Data Redis repositories in DEFAULT mode.
2020-10-14 15:19:03.637  INFO 16292 --- [main] .s.d.r.c.RepositoryConfigurationDelegate : Finished Spring Data repository scanning in 28ms. Found 0 Redis repository interfaces.
2020-10-14 15:19:04.529  INFO 16292 --- [main] o.s.b.w.embedded.tomcat.TomcatWebServer  : Tomcat initialized with port(s): 8080 (http)
2020-10-14 15:19:04.537  INFO 16292 --- [main] o.apache.catalina.core.StandardService   : Starting service [Tomcat]
2020-10-14 15:19:04.537  INFO 16292 --- [main] org.apache.catalina.core.StandardEngine  : Starting Servlet engine: [Apache Tomcat/9.0.35]
2020-10-14 15:19:04.634  INFO 16292 --- [main] o.a.c.c.C.[Tomcat].[localhost].[/]       : Initializing Spring embedded WebApplicationContext
2020-10-14 15:19:04.634  INFO 16292 --- [main] o.s.web.context.ContextLoader            : Root WebApplicationContext: initialization completed in 1725 ms
2020-10-14 15:19:07.590  INFO 16292 --- [main] o.s.b.w.embedded.tomcat.TomcatWebServer  : Tomcat started on port(s): 8080 (http) with context path ''
2020-10-14 15:19:07.598  INFO 16292 --- [main] com.example.demo.DemoApplication         : Started DemoApplication in 5.228 seconds (JVM running for 6.88)
2020-10-14 15:19:20.331  INFO 16292 --- [http-nio-8080-exec-2] o.a.c.c.C.[Tomcat].[localhost].[/]       : Initializing Spring DispatcherServlet 'dispatcherServlet'
2020-10-14 15:19:20.332  INFO 16292 --- [http-nio-8080-exec-2] o.s.web.servlet.DispatcherServlet        : Initializing Servlet 'dispatcherServlet'
2020-10-14 15:19:20.357  INFO 16292 --- [http-nio-8080-exec-2] o.s.web.servlet.DispatcherServlet        : Completed initialization in 25 ms
2020-10-14 15:19:20.420  INFO 16292 --- [http-nio-8080-exec-2] c.e.d.base.aspect.BaseBeforeAspection    : ------BaseBeforeAspect---获取到请求参数------
2020-10-14 15:19:20.423  INFO 16292 --- [http-nio-8080-exec-2] c.e.d.base.aspect.BaseBeforeAspection    : ---入口方法:com.example.demo.executer.bookInfo.controller.BookInfoController
2020-10-14 15:19:20.423  INFO 16292 --- [http-nio-8080-exec-2] c.e.d.base.aspect.BaseBeforeAspection    : ---请求方法:importExcel
2020-10-14 15:19:20.521  INFO 16292 --- [http-nio-8080-exec-2] c.e.d.base.aspect.BaseBeforeAspection    : 不能打印请求参数
2020-10-14 15:19:20.526  INFO 16292 --- [http-nio-8080-exec-2] c.e.d.e.b.controller.BookInfoController  : ------------importExcel start------------
2020-10-14 15:19:20.866  INFO 16292 --- [http-nio-8080-exec-2] c.e.d.e.b.e.BookInfoExcelListener        : data = BookInfoExcelModel(bookName=java从入门到精通, bookPrice=55.5, bookAuther=Jack Tomas, bookType=科技, rareFlag=非珍本, press=四川工业大学出版社, pressDate=Thu Oct 01 00:00:00 CST 2020, remark=null)
2020-10-14 15:19:20.867  INFO 16292 --- [http-nio-8080-exec-2] c.e.d.e.b.e.BookInfoExcelListener        : data = BookInfoExcelModel(bookName=明朝那些事儿, bookPrice=48.5, bookAuther=王朝青, bookType=文学, rareFlag=非珍本, press=辽宁出版社, pressDate=Wed Apr 28 00:00:00 CST 2010, remark=null)
2020-10-14 15:19:20.873  INFO 16292 --- [http-nio-8080-exec-2] c.e.d.e.b.controller.BookInfoController  : ------------importExcel end------------
2020-10-14 15:19:20.875  INFO 16292 --- [http-nio-8080-exec-2] c.e.d.base.aspect.BaseBeforeAspection    : ---commonAfter返回参数:{"code":"000000","data":"","msg":"交易成功"}
2020-10-14 15:19:20.889  INFO 16292 --- [pool-1-thread-1] com.zaxxer.hikari.HikariDataSource       : HikariPool-1 - Starting...
2020-10-14 15:19:21.893  INFO 16292 --- [pool-1-thread-1] com.zaxxer.hikari.HikariDataSource       : HikariPool-1 - Start completed.
2020-10-14 15:19:21.938 DEBUG 16292 --- [pool-1-thread-1] c.e.d.e.b.dao.BookInfoDao.insertOne      : ==>  Preparing: insert into t_book_info( id, book_name, book_price, book_auther, book_type, rare_flag, press, press_date, remark ) values( ?, ?, ?, ?, ?, ?, ?, ?, ? ); 
2020-10-14 15:19:21.948 DEBUG 16292 --- [pool-1-thread-1] c.e.d.e.b.dao.BookInfoDao.insertOne      : ==> Parameters: 20201015151923(Long), java从入门到精通(String), 55.5(BigDecimal), Jack Tomas(String), 6(String), null, 四川工业大学出版社(String), 2020-10-01 00:00:00.0(Timestamp), null
2020-10-14 15:19:21.950 DEBUG 16292 --- [pool-1-thread-2] c.e.d.e.b.dao.BookInfoDao.insertOne      : ==>  Preparing: insert into t_book_info( id, book_name, book_price, book_auther, book_type, rare_flag, press, press_date, remark ) values( ?, ?, ?, ?, ?, ?, ?, ?, ? ); 
2020-10-14 15:19:21.951 DEBUG 16292 --- [pool-1-thread-2] c.e.d.e.b.dao.BookInfoDao.insertOne      : ==> Parameters: 20201015151925(Long), 明朝那些事儿(String), 48.5(BigDecimal), 王朝青(String), 2(String), null, 辽宁出版社(String), 2010-04-28 00:00:00.0(Timestamp), null
2020-10-14 15:19:21.953 DEBUG 16292 --- [pool-1-thread-1] c.e.d.e.b.dao.BookInfoDao.insertOne      : <==    Updates: 1
2020-10-14 15:19:21.956 DEBUG 16292 --- [pool-1-thread-2] c.e.d.e.b.dao.BookInfoDao.insertOne      : <==    Updates: 1
2020-10-14 15:23:04.344  INFO 16292 --- [SpringContextShutdownHook] com.zaxxer.hikari.HikariDataSource       : HikariPool-1 - Shutdown initiated...
2020-10-14 15:23:04.354  INFO 16292 --- [SpringContextShutdownHook] com.zaxxer.hikari.HikariDataSource       : HikariPool-1 - Shutdown completed.
2020-10-14 15:23:09.534  INFO 35896 --- [main] com.example.demo.DemoApplication         : Starting DemoApplication on DESKTOP-5PPEK6U with PID 35896 (E:\1.IDEA\Workspace\spring-boot-hello\target\classes started by long_tao in E:\1.IDEA\Workspace\spring-boot-hello)
2020-10-14 15:23:09.537  INFO 35896 --- [main] com.example.demo.DemoApplication         : No active profile set, falling back to default profiles: default
2020-10-14 15:23:10.259  INFO 35896 --- [main] .s.d.r.c.RepositoryConfigurationDelegate : Multiple Spring Data modules found, entering strict repository configuration mode!
2020-10-14 15:23:10.261  INFO 35896 --- [main] .s.d.r.c.RepositoryConfigurationDelegate : Bootstrapping Spring Data Redis repositories in DEFAULT mode.
2020-10-14 15:23:10.307  INFO 35896 --- [main] .s.d.r.c.RepositoryConfigurationDelegate : Finished Spring Data repository scanning in 29ms. Found 0 Redis repository interfaces.
2020-10-14 15:23:11.161  INFO 35896 --- [main] o.s.b.w.embedded.tomcat.TomcatWebServer  : Tomcat initialized with port(s): 8080 (http)
2020-10-14 15:23:11.169  INFO 35896 --- [main] o.apache.catalina.core.StandardService   : Starting service [Tomcat]
2020-10-14 15:23:11.169  INFO 35896 --- [main] org.apache.catalina.core.StandardEngine  : Starting Servlet engine: [Apache Tomcat/9.0.35]
2020-10-14 15:23:11.263  INFO 35896 --- [main] o.a.c.c.C.[Tomcat].[localhost].[/]       : Initializing Spring embedded WebApplicationContext
2020-10-14 15:23:11.263  INFO 35896 --- [main] o.s.web.context.ContextLoader            : Root WebApplicationContext: initialization completed in 1683 ms
2020-10-14 15:23:14.235  INFO 35896 --- [main] o.s.b.w.embedded.tomcat.TomcatWebServer  : Tomcat started on port(s): 8080 (http) with context path ''
2020-10-14 15:23:14.243  INFO 35896 --- [main] com.example.demo.DemoApplication         : Started DemoApplication in 5.147 seconds (JVM running for 6.655)
2020-10-14 15:23:17.462  INFO 35896 --- [http-nio-8080-exec-3] o.a.c.c.C.[Tomcat].[localhost].[/]       : Initializing Spring DispatcherServlet 'dispatcherServlet'
2020-10-14 15:23:17.462  INFO 35896 --- [http-nio-8080-exec-3] o.s.web.servlet.DispatcherServlet        : Initializing Servlet 'dispatcherServlet'
2020-10-14 15:23:17.481  INFO 35896 --- [http-nio-8080-exec-3] o.s.web.servlet.DispatcherServlet        : Completed initialization in 19 ms
2020-10-14 15:23:17.536  INFO 35896 --- [http-nio-8080-exec-3] c.e.d.base.aspect.BaseBeforeAspection    : ------BaseBeforeAspect---获取到请求参数------
2020-10-14 15:23:17.538  INFO 35896 --- [http-nio-8080-exec-3] c.e.d.base.aspect.BaseBeforeAspection    : ---入口方法:com.example.demo.executer.bookInfo.controller.BookInfoController
2020-10-14 15:23:17.538  INFO 35896 --- [http-nio-8080-exec-3] c.e.d.base.aspect.BaseBeforeAspection    : ---请求方法:importExcel
2020-10-14 15:23:17.629  INFO 35896 --- [http-nio-8080-exec-3] c.e.d.base.aspect.BaseBeforeAspection    : 不能打印请求参数
2020-10-14 15:23:17.632  INFO 35896 --- [http-nio-8080-exec-3] c.e.d.e.b.controller.BookInfoController  : ------------importExcel start------------
2020-10-14 15:23:17.979  INFO 35896 --- [http-nio-8080-exec-3] c.e.d.e.b.e.BookInfoExcelListener        : data = BookInfoExcelModel(bookName=java从入门到精通, bookPrice=55.5, bookAuther=Jack Tomas, bookType=科技, rareFlag=非珍本, press=四川工业大学出版社, pressDate=Thu Oct 01 00:00:00 CST 2020, remark=null)
2020-10-14 15:23:17.980  INFO 35896 --- [http-nio-8080-exec-3] c.e.d.e.b.e.BookInfoExcelListener        : data = BookInfoExcelModel(bookName=明朝那些事儿, bookPrice=48.5, bookAuther=王朝青, bookType=文学, rareFlag=非珍本, press=辽宁出版社, pressDate=Wed Apr 28 00:00:00 CST 2010, remark=null)
2020-10-14 15:23:17.987  INFO 35896 --- [http-nio-8080-exec-3] c.e.d.e.b.controller.BookInfoController  : ------------importExcel end------------
2020-10-14 15:23:17.990  INFO 35896 --- [http-nio-8080-exec-3] c.e.d.base.aspect.BaseBeforeAspection    : ---commonAfter返回参数:{"code":"000000","data":"","msg":"交易成功"}
2020-10-14 15:23:18.004  INFO 35896 --- [pool-1-thread-1] com.zaxxer.hikari.HikariDataSource       : HikariPool-1 - Starting...
2020-10-14 15:23:19.030  INFO 35896 --- [pool-1-thread-1] com.zaxxer.hikari.HikariDataSource       : HikariPool-1 - Start completed.
2020-10-14 15:25:05.160  INFO 35896 --- [SpringContextShutdownHook] com.zaxxer.hikari.HikariDataSource       : HikariPool-1 - Shutdown initiated...
2020-10-14 15:25:05.164  INFO 35896 --- [SpringContextShutdownHook] com.zaxxer.hikari.HikariDataSource       : HikariPool-1 - Shutdown completed.
2020-10-14 15:25:10.342  INFO 26104 --- [main] com.example.demo.DemoApplication         : Starting DemoApplication on DESKTOP-5PPEK6U with PID 26104 (E:\1.IDEA\Workspace\spring-boot-hello\target\classes started by long_tao in E:\1.IDEA\Workspace\spring-boot-hello)
2020-10-14 15:25:10.346  INFO 26104 --- [main] com.example.demo.DemoApplication         : No active profile set, falling back to default profiles: default
2020-10-14 15:25:11.098  INFO 26104 --- [main] .s.d.r.c.RepositoryConfigurationDelegate : Multiple Spring Data modules found, entering strict repository configuration mode!
2020-10-14 15:25:11.100  INFO 26104 --- [main] .s.d.r.c.RepositoryConfigurationDelegate : Bootstrapping Spring Data Redis repositories in DEFAULT mode.
2020-10-14 15:25:11.140  INFO 26104 --- [main] .s.d.r.c.RepositoryConfigurationDelegate : Finished Spring Data repository scanning in 28ms. Found 0 Redis repository interfaces.
2020-10-14 15:25:12.011  INFO 26104 --- [main] o.s.b.w.embedded.tomcat.TomcatWebServer  : Tomcat initialized with port(s): 8080 (http)
2020-10-14 15:25:12.018  INFO 26104 --- [main] o.apache.catalina.core.StandardService   : Starting service [Tomcat]
2020-10-14 15:25:12.019  INFO 26104 --- [main] org.apache.catalina.core.StandardEngine  : Starting Servlet engine: [Apache Tomcat/9.0.35]
2020-10-14 15:25:12.115  INFO 26104 --- [main] o.a.c.c.C.[Tomcat].[localhost].[/]       : Initializing Spring embedded WebApplicationContext
2020-10-14 15:25:12.115  INFO 26104 --- [main] o.s.web.context.ContextLoader            : Root WebApplicationContext: initialization completed in 1722 ms
2020-10-14 15:25:15.116  INFO 26104 --- [main] o.s.b.w.embedded.tomcat.TomcatWebServer  : Tomcat started on port(s): 8080 (http) with context path ''
2020-10-14 15:25:15.125  INFO 26104 --- [main] com.example.demo.DemoApplication         : Started DemoApplication in 5.229 seconds (JVM running for 6.736)
2020-10-14 15:25:18.134  INFO 26104 --- [http-nio-8080-exec-2] o.a.c.c.C.[Tomcat].[localhost].[/]       : Initializing Spring DispatcherServlet 'dispatcherServlet'
2020-10-14 15:25:18.135  INFO 26104 --- [http-nio-8080-exec-2] o.s.web.servlet.DispatcherServlet        : Initializing Servlet 'dispatcherServlet'
2020-10-14 15:25:18.155  INFO 26104 --- [http-nio-8080-exec-2] o.s.web.servlet.DispatcherServlet        : Completed initialization in 20 ms
2020-10-14 15:25:18.210  INFO 26104 --- [http-nio-8080-exec-2] c.e.d.base.aspect.BaseBeforeAspection    : ------BaseBeforeAspect---获取到请求参数------
2020-10-14 15:25:18.212  INFO 26104 --- [http-nio-8080-exec-2] c.e.d.base.aspect.BaseBeforeAspection    : ---入口方法:com.example.demo.executer.bookInfo.controller.BookInfoController
2020-10-14 15:25:18.212  INFO 26104 --- [http-nio-8080-exec-2] c.e.d.base.aspect.BaseBeforeAspection    : ---请求方法:importExcel
2020-10-14 15:25:18.287  INFO 26104 --- [http-nio-8080-exec-2] c.e.d.base.aspect.BaseBeforeAspection    : 不能打印请求参数
2020-10-14 15:25:18.290  INFO 26104 --- [http-nio-8080-exec-2] c.e.d.e.b.controller.BookInfoController  : ------------importExcel start------------
2020-10-14 15:25:18.606  INFO 26104 --- [http-nio-8080-exec-2] c.e.d.e.b.e.BookInfoExcelListener        : data = BookInfoExcelModel(bookName=java从入门到精通, bookPrice=55.5, bookAuther=Jack Tomas, bookType=科技, rareFlag=非珍本, press=四川工业大学出版社, pressDate=Thu Oct 01 00:00:00 CST 2020, remark=null)
2020-10-14 15:25:18.607  INFO 26104 --- [http-nio-8080-exec-2] c.e.d.e.b.e.BookInfoExcelListener        : data = BookInfoExcelModel(bookName=明朝那些事儿, bookPrice=48.5, bookAuther=王朝青, bookType=文学, rareFlag=非珍本, press=辽宁出版社, pressDate=Wed Apr 28 00:00:00 CST 2010, remark=null)
2020-10-14 15:25:18.613  INFO 26104 --- [http-nio-8080-exec-2] c.e.d.e.b.controller.BookInfoController  : ------------importExcel end------------
2020-10-14 15:25:18.616  INFO 26104 --- [http-nio-8080-exec-2] c.e.d.base.aspect.BaseBeforeAspection    : ---commonAfter返回参数:{"code":"000000","data":"","msg":"交易成功"}
2020-10-14 15:25:18.631  INFO 26104 --- [pool-1-thread-1] com.zaxxer.hikari.HikariDataSource       : HikariPool-1 - Starting...
2020-10-14 15:25:19.684  INFO 26104 --- [pool-1-thread-1] com.zaxxer.hikari.HikariDataSource       : HikariPool-1 - Start completed.
2020-10-14 15:25:19.723  INFO 26104 --- [pool-1-thread-1] c.e.d.base.service.impl.BaseServiceImpl  : str = 202010141525181000008
2020-10-14 15:25:19.729  INFO 26104 --- [pool-1-thread-2] c.e.d.base.service.impl.BaseServiceImpl  : str = 202010141525191000009
2020-10-14 15:32:47.393  INFO 26104 --- [SpringContextShutdownHook] com.zaxxer.hikari.HikariDataSource       : HikariPool-1 - Shutdown initiated...
2020-10-14 15:32:47.405  INFO 26104 --- [SpringContextShutdownHook] com.zaxxer.hikari.HikariDataSource       : HikariPool-1 - Shutdown completed.
2020-10-14 15:37:00.204  INFO 25568 --- [main] com.example.demo.DemoApplication         : Starting DemoApplication on DESKTOP-5PPEK6U with PID 25568 (E:\1.IDEA\Workspace\spring-boot-hello\target\classes started by long_tao in E:\1.IDEA\Workspace\spring-boot-hello)
2020-10-14 15:37:00.208  INFO 25568 --- [main] com.example.demo.DemoApplication         : No active profile set, falling back to default profiles: default
2020-10-14 15:37:00.945  INFO 25568 --- [main] .s.d.r.c.RepositoryConfigurationDelegate : Multiple Spring Data modules found, entering strict repository configuration mode!
2020-10-14 15:37:00.947  INFO 25568 --- [main] .s.d.r.c.RepositoryConfigurationDelegate : Bootstrapping Spring Data Redis repositories in DEFAULT mode.
2020-10-14 15:37:00.987  INFO 25568 --- [main] .s.d.r.c.RepositoryConfigurationDelegate : Finished Spring Data repository scanning in 27ms. Found 0 Redis repository interfaces.
2020-10-14 15:37:01.896  INFO 25568 --- [main] o.s.b.w.embedded.tomcat.TomcatWebServer  : Tomcat initialized with port(s): 8080 (http)
2020-10-14 15:37:01.904  INFO 25568 --- [main] o.apache.catalina.core.StandardService   : Starting service [Tomcat]
2020-10-14 15:37:01.904  INFO 25568 --- [main] org.apache.catalina.core.StandardEngine  : Starting Servlet engine: [Apache Tomcat/9.0.35]
2020-10-14 15:37:02.004  INFO 25568 --- [main] o.a.c.c.C.[Tomcat].[localhost].[/]       : Initializing Spring embedded WebApplicationContext
2020-10-14 15:37:02.004  INFO 25568 --- [main] o.s.web.context.ContextLoader            : Root WebApplicationContext: initialization completed in 1747 ms
2020-10-14 15:37:05.013  INFO 25568 --- [main] o.s.b.w.embedded.tomcat.TomcatWebServer  : Tomcat started on port(s): 8080 (http) with context path ''
2020-10-14 15:37:05.021  INFO 25568 --- [main] com.example.demo.DemoApplication         : Started DemoApplication in 5.307 seconds (JVM running for 6.949)
2020-10-14 15:37:08.878  INFO 25568 --- [http-nio-8080-exec-1] o.a.c.c.C.[Tomcat].[localhost].[/]       : Initializing Spring DispatcherServlet 'dispatcherServlet'
2020-10-14 15:37:08.879  INFO 25568 --- [http-nio-8080-exec-1] o.s.web.servlet.DispatcherServlet        : Initializing Servlet 'dispatcherServlet'
2020-10-14 15:37:08.899  INFO 25568 --- [http-nio-8080-exec-1] o.s.web.servlet.DispatcherServlet        : Completed initialization in 20 ms
2020-10-14 15:37:08.952  INFO 25568 --- [http-nio-8080-exec-1] c.e.d.base.aspect.BaseBeforeAspection    : ------BaseBeforeAspect---获取到请求参数------
2020-10-14 15:37:08.954  INFO 25568 --- [http-nio-8080-exec-1] c.e.d.base.aspect.BaseBeforeAspection    : ---入口方法:com.example.demo.executer.bookInfo.controller.BookInfoController
2020-10-14 15:37:08.954  INFO 25568 --- [http-nio-8080-exec-1] c.e.d.base.aspect.BaseBeforeAspection    : ---请求方法:importExcel
2020-10-14 15:37:09.032  INFO 25568 --- [http-nio-8080-exec-1] c.e.d.base.aspect.BaseBeforeAspection    : 不能打印请求参数
2020-10-14 15:37:09.035  INFO 25568 --- [http-nio-8080-exec-1] c.e.d.e.b.controller.BookInfoController  : ------------importExcel start------------
2020-10-14 15:37:09.350  INFO 25568 --- [http-nio-8080-exec-1] c.e.d.e.b.e.BookInfoExcelListener        : data = BookInfoExcelModel(bookName=java从入门到精通, bookPrice=55.5, bookAuther=Jack Tomas, bookType=科技, rareFlag=非珍本, press=四川工业大学出版社, pressDate=Thu Oct 01 00:00:00 CST 2020, remark=null)
2020-10-14 15:37:09.351  INFO 25568 --- [http-nio-8080-exec-1] c.e.d.e.b.e.BookInfoExcelListener        : data = BookInfoExcelModel(bookName=明朝那些事儿, bookPrice=48.5, bookAuther=王朝青, bookType=文学, rareFlag=非珍本, press=辽宁出版社, pressDate=Wed Apr 28 00:00:00 CST 2010, remark=null)
2020-10-14 15:37:09.356  INFO 25568 --- [http-nio-8080-exec-1] c.e.d.e.b.controller.BookInfoController  : ------------importExcel end------------
2020-10-14 15:37:09.361  INFO 25568 --- [http-nio-8080-exec-1] c.e.d.base.aspect.BaseBeforeAspection    : ---commonAfter返回参数:{"code":"000000","data":"","msg":"交易成功"}
2020-10-14 15:37:09.377  INFO 25568 --- [pool-1-thread-1] com.zaxxer.hikari.HikariDataSource       : HikariPool-1 - Starting...
2020-10-14 15:37:10.422  INFO 25568 --- [pool-1-thread-1] com.zaxxer.hikari.HikariDataSource       : HikariPool-1 - Start completed.
2020-10-14 15:38:34.104  INFO 25568 --- [SpringContextShutdownHook] com.zaxxer.hikari.HikariDataSource       : HikariPool-1 - Shutdown initiated...
2020-10-14 15:38:34.114  INFO 25568 --- [SpringContextShutdownHook] com.zaxxer.hikari.HikariDataSource       : HikariPool-1 - Shutdown completed.
2020-10-14 15:38:42.044  INFO 17748 --- [main] com.example.demo.DemoApplication         : Starting DemoApplication on DESKTOP-5PPEK6U with PID 17748 (E:\1.IDEA\Workspace\spring-boot-hello\target\classes started by long_tao in E:\1.IDEA\Workspace\spring-boot-hello)
2020-10-14 15:38:42.048  INFO 17748 --- [main] com.example.demo.DemoApplication         : No active profile set, falling back to default profiles: default
2020-10-14 15:38:42.786  INFO 17748 --- [main] .s.d.r.c.RepositoryConfigurationDelegate : Multiple Spring Data modules found, entering strict repository configuration mode!
2020-10-14 15:38:42.788  INFO 17748 --- [main] .s.d.r.c.RepositoryConfigurationDelegate : Bootstrapping Spring Data Redis repositories in DEFAULT mode.
2020-10-14 15:38:42.828  INFO 17748 --- [main] .s.d.r.c.RepositoryConfigurationDelegate : Finished Spring Data repository scanning in 28ms. Found 0 Redis repository interfaces.
2020-10-14 15:38:43.727  INFO 17748 --- [main] o.s.b.w.embedded.tomcat.TomcatWebServer  : Tomcat initialized with port(s): 8080 (http)
2020-10-14 15:38:43.735  INFO 17748 --- [main] o.apache.catalina.core.StandardService   : Starting service [Tomcat]
2020-10-14 15:38:43.736  INFO 17748 --- [main] org.apache.catalina.core.StandardEngine  : Starting Servlet engine: [Apache Tomcat/9.0.35]
2020-10-14 15:38:43.839  INFO 17748 --- [main] o.a.c.c.C.[Tomcat].[localhost].[/]       : Initializing Spring embedded WebApplicationContext
2020-10-14 15:38:43.840  INFO 17748 --- [main] o.s.web.context.ContextLoader            : Root WebApplicationContext: initialization completed in 1740 ms
2020-10-14 15:38:46.803  INFO 17748 --- [main] o.s.b.w.embedded.tomcat.TomcatWebServer  : Tomcat started on port(s): 8080 (http) with context path ''
2020-10-14 15:38:46.811  INFO 17748 --- [main] com.example.demo.DemoApplication         : Started DemoApplication in 5.22 seconds (JVM running for 6.897)
2020-10-14 15:38:50.943  INFO 17748 --- [http-nio-8080-exec-2] o.a.c.c.C.[Tomcat].[localhost].[/]       : Initializing Spring DispatcherServlet 'dispatcherServlet'
2020-10-14 15:38:50.943  INFO 17748 --- [http-nio-8080-exec-2] o.s.web.servlet.DispatcherServlet        : Initializing Servlet 'dispatcherServlet'
2020-10-14 15:38:50.962  INFO 17748 --- [http-nio-8080-exec-2] o.s.web.servlet.DispatcherServlet        : Completed initialization in 19 ms
2020-10-14 15:38:51.015  INFO 17748 --- [http-nio-8080-exec-2] c.e.d.base.aspect.BaseBeforeAspection    : ------BaseBeforeAspect---获取到请求参数------
2020-10-14 15:38:51.017  INFO 17748 --- [http-nio-8080-exec-2] c.e.d.base.aspect.BaseBeforeAspection    : ---入口方法:com.example.demo.executer.bookInfo.controller.BookInfoController
2020-10-14 15:38:51.017  INFO 17748 --- [http-nio-8080-exec-2] c.e.d.base.aspect.BaseBeforeAspection    : ---请求方法:importExcel
2020-10-14 15:38:51.094  INFO 17748 --- [http-nio-8080-exec-2] c.e.d.base.aspect.BaseBeforeAspection    : 不能打印请求参数
2020-10-14 15:38:51.098  INFO 17748 --- [http-nio-8080-exec-2] c.e.d.e.b.controller.BookInfoController  : ------------importExcel start------------
2020-10-14 15:38:51.449  INFO 17748 --- [http-nio-8080-exec-2] c.e.d.e.b.e.BookInfoExcelListener        : data = BookInfoExcelModel(bookName=java从入门到精通, bookPrice=55.5, bookAuther=Jack Tomas, bookType=科技, rareFlag=非珍本, press=四川工业大学出版社, pressDate=Thu Oct 01 00:00:00 CST 2020, remark=null)
2020-10-14 15:38:51.450  INFO 17748 --- [http-nio-8080-exec-2] c.e.d.e.b.e.BookInfoExcelListener        : data = BookInfoExcelModel(bookName=明朝那些事儿, bookPrice=48.5, bookAuther=王朝青, bookType=文学, rareFlag=非珍本, press=辽宁出版社, pressDate=Wed Apr 28 00:00:00 CST 2010, remark=null)
2020-10-14 15:38:51.457  INFO 17748 --- [http-nio-8080-exec-2] c.e.d.e.b.controller.BookInfoController  : ------------importExcel end------------
2020-10-14 15:38:51.459  INFO 17748 --- [http-nio-8080-exec-2] c.e.d.base.aspect.BaseBeforeAspection    : ---commonAfter返回参数:{"code":"000000","data":"","msg":"交易成功"}
2020-10-14 15:38:51.477  INFO 17748 --- [pool-1-thread-1] com.zaxxer.hikari.HikariDataSource       : HikariPool-1 - Starting...
2020-10-14 15:38:52.566  INFO 17748 --- [pool-1-thread-1] com.zaxxer.hikari.HikariDataSource       : HikariPool-1 - Start completed.
2020-10-14 15:39:46.270  INFO 17748 --- [SpringContextShutdownHook] com.zaxxer.hikari.HikariDataSource       : HikariPool-1 - Shutdown initiated...
2020-10-14 15:39:46.275  INFO 17748 --- [SpringContextShutdownHook] com.zaxxer.hikari.HikariDataSource       : HikariPool-1 - Shutdown completed.
2020-10-14 15:39:51.635  INFO 33100 --- [main] com.example.demo.DemoApplication         : Starting DemoApplication on DESKTOP-5PPEK6U with PID 33100 (E:\1.IDEA\Workspace\spring-boot-hello\target\classes started by long_tao in E:\1.IDEA\Workspace\spring-boot-hello)
2020-10-14 15:39:51.639  INFO 33100 --- [main] com.example.demo.DemoApplication         : No active profile set, falling back to default profiles: default
2020-10-14 15:39:52.370  INFO 33100 --- [main] .s.d.r.c.RepositoryConfigurationDelegate : Multiple Spring Data modules found, entering strict repository configuration mode!
2020-10-14 15:39:52.372  INFO 33100 --- [main] .s.d.r.c.RepositoryConfigurationDelegate : Bootstrapping Spring Data Redis repositories in DEFAULT mode.
2020-10-14 15:39:52.413  INFO 33100 --- [main] .s.d.r.c.RepositoryConfigurationDelegate : Finished Spring Data repository scanning in 28ms. Found 0 Redis repository interfaces.
2020-10-14 15:39:53.315  INFO 33100 --- [main] o.s.b.w.embedded.tomcat.TomcatWebServer  : Tomcat initialized with port(s): 8080 (http)
2020-10-14 15:39:53.325  INFO 33100 --- [main] o.apache.catalina.core.StandardService   : Starting service [Tomcat]
2020-10-14 15:39:53.325  INFO 33100 --- [main] org.apache.catalina.core.StandardEngine  : Starting Servlet engine: [Apache Tomcat/9.0.35]
2020-10-14 15:39:53.425  INFO 33100 --- [main] o.a.c.c.C.[Tomcat].[localhost].[/]       : Initializing Spring embedded WebApplicationContext
2020-10-14 15:39:53.425  INFO 33100 --- [main] o.s.web.context.ContextLoader            : Root WebApplicationContext: initialization completed in 1738 ms
2020-10-14 15:39:56.416  INFO 33100 --- [main] o.s.b.w.embedded.tomcat.TomcatWebServer  : Tomcat started on port(s): 8080 (http) with context path ''
2020-10-14 15:39:56.425  INFO 33100 --- [main] com.example.demo.DemoApplication         : Started DemoApplication in 5.255 seconds (JVM running for 6.846)
2020-10-14 15:39:59.297  INFO 33100 --- [http-nio-8080-exec-2] o.a.c.c.C.[Tomcat].[localhost].[/]       : Initializing Spring DispatcherServlet 'dispatcherServlet'
2020-10-14 15:39:59.298  INFO 33100 --- [http-nio-8080-exec-2] o.s.web.servlet.DispatcherServlet        : Initializing Servlet 'dispatcherServlet'
2020-10-14 15:39:59.322  INFO 33100 --- [http-nio-8080-exec-2] o.s.web.servlet.DispatcherServlet        : Completed initialization in 24 ms
2020-10-14 15:39:59.377  INFO 33100 --- [http-nio-8080-exec-2] c.e.d.base.aspect.BaseBeforeAspection    : ------BaseBeforeAspect---获取到请求参数------
2020-10-14 15:39:59.379  INFO 33100 --- [http-nio-8080-exec-2] c.e.d.base.aspect.BaseBeforeAspection    : ---入口方法:com.example.demo.executer.bookInfo.controller.BookInfoController
2020-10-14 15:39:59.379  INFO 33100 --- [http-nio-8080-exec-2] c.e.d.base.aspect.BaseBeforeAspection    : ---请求方法:importExcel
2020-10-14 15:39:59.464  INFO 33100 --- [http-nio-8080-exec-2] c.e.d.base.aspect.BaseBeforeAspection    : 不能打印请求参数
2020-10-14 15:39:59.469  INFO 33100 --- [http-nio-8080-exec-2] c.e.d.e.b.controller.BookInfoController  : ------------importExcel start------------
2020-10-14 15:39:59.796  INFO 33100 --- [http-nio-8080-exec-2] c.e.d.e.b.e.BookInfoExcelListener        : data = BookInfoExcelModel(bookName=java从入门到精通, bookPrice=55.5, bookAuther=Jack Tomas, bookType=科技, rareFlag=非珍本, press=四川工业大学出版社, pressDate=Thu Oct 01 00:00:00 CST 2020, remark=null)
2020-10-14 15:39:59.797  INFO 33100 --- [http-nio-8080-exec-2] c.e.d.e.b.e.BookInfoExcelListener        : data = BookInfoExcelModel(bookName=明朝那些事儿, bookPrice=48.5, bookAuther=王朝青, bookType=文学, rareFlag=非珍本, press=辽宁出版社, pressDate=Wed Apr 28 00:00:00 CST 2010, remark=null)
2020-10-14 15:39:59.802  INFO 33100 --- [http-nio-8080-exec-2] c.e.d.e.b.controller.BookInfoController  : ------------importExcel end------------
2020-10-14 15:39:59.805  INFO 33100 --- [http-nio-8080-exec-2] c.e.d.base.aspect.BaseBeforeAspection    : ---commonAfter返回参数:{"code":"000000","data":"","msg":"交易成功"}
2020-10-14 15:39:59.820  INFO 33100 --- [pool-1-thread-1] com.zaxxer.hikari.HikariDataSource       : HikariPool-1 - Starting...
2020-10-14 15:40:00.850  INFO 33100 --- [pool-1-thread-1] com.zaxxer.hikari.HikariDataSource       : HikariPool-1 - Start completed.
2020-10-14 15:40:48.929  INFO 33100 --- [SpringContextShutdownHook] com.zaxxer.hikari.HikariDataSource       : HikariPool-1 - Shutdown initiated...
2020-10-14 15:40:48.937  INFO 33100 --- [SpringContextShutdownHook] com.zaxxer.hikari.HikariDataSource       : HikariPool-1 - Shutdown completed.
2020-10-14 15:41:25.999  INFO 28932 --- [main] com.example.demo.DemoApplication         : Starting DemoApplication on DESKTOP-5PPEK6U with PID 28932 (E:\1.IDEA\Workspace\spring-boot-hello\target\classes started by long_tao in E:\1.IDEA\Workspace\spring-boot-hello)
2020-10-14 15:41:26.002  INFO 28932 --- [main] com.example.demo.DemoApplication         : No active profile set, falling back to default profiles: default
2020-10-14 15:41:26.749  INFO 28932 --- [main] .s.d.r.c.RepositoryConfigurationDelegate : Multiple Spring Data modules found, entering strict repository configuration mode!
2020-10-14 15:41:26.751  INFO 28932 --- [main] .s.d.r.c.RepositoryConfigurationDelegate : Bootstrapping Spring Data Redis repositories in DEFAULT mode.
2020-10-14 15:41:26.793  INFO 28932 --- [main] .s.d.r.c.RepositoryConfigurationDelegate : Finished Spring Data repository scanning in 30ms. Found 0 Redis repository interfaces.
2020-10-14 15:41:27.722  INFO 28932 --- [main] o.s.b.w.embedded.tomcat.TomcatWebServer  : Tomcat initialized with port(s): 8080 (http)
2020-10-14 15:41:27.731  INFO 28932 --- [main] o.apache.catalina.core.StandardService   : Starting service [Tomcat]
2020-10-14 15:41:27.731  INFO 28932 --- [main] org.apache.catalina.core.StandardEngine  : Starting Servlet engine: [Apache Tomcat/9.0.35]
2020-10-14 15:41:27.826  INFO 28932 --- [main] o.a.c.c.C.[Tomcat].[localhost].[/]       : Initializing Spring embedded WebApplicationContext
2020-10-14 15:41:27.826  INFO 28932 --- [main] o.s.web.context.ContextLoader            : Root WebApplicationContext: initialization completed in 1780 ms
2020-10-14 15:41:30.755  INFO 28932 --- [main] o.s.b.w.embedded.tomcat.TomcatWebServer  : Tomcat started on port(s): 8080 (http) with context path ''
2020-10-14 15:41:30.763  INFO 28932 --- [main] com.example.demo.DemoApplication         : Started DemoApplication in 5.23 seconds (JVM running for 6.768)
2020-10-14 15:41:39.816  INFO 28932 --- [http-nio-8080-exec-1] o.a.c.c.C.[Tomcat].[localhost].[/]       : Initializing Spring DispatcherServlet 'dispatcherServlet'
2020-10-14 15:41:39.816  INFO 28932 --- [http-nio-8080-exec-1] o.s.web.servlet.DispatcherServlet        : Initializing Servlet 'dispatcherServlet'
2020-10-14 15:41:39.836  INFO 28932 --- [http-nio-8080-exec-1] o.s.web.servlet.DispatcherServlet        : Completed initialization in 20 ms
2020-10-14 15:41:39.889  INFO 28932 --- [http-nio-8080-exec-1] c.e.d.base.aspect.BaseBeforeAspection    : ------BaseBeforeAspect---获取到请求参数------
2020-10-14 15:41:39.891  INFO 28932 --- [http-nio-8080-exec-1] c.e.d.base.aspect.BaseBeforeAspection    : ---入口方法:com.example.demo.executer.bookInfo.controller.BookInfoController
2020-10-14 15:41:39.892  INFO 28932 --- [http-nio-8080-exec-1] c.e.d.base.aspect.BaseBeforeAspection    : ---请求方法:importExcel
2020-10-14 15:41:39.967  INFO 28932 --- [http-nio-8080-exec-1] c.e.d.base.aspect.BaseBeforeAspection    : 不能打印请求参数
2020-10-14 15:41:39.971  INFO 28932 --- [http-nio-8080-exec-1] c.e.d.e.b.controller.BookInfoController  : ------------importExcel start------------
2020-10-14 15:41:40.323  INFO 28932 --- [http-nio-8080-exec-1] c.e.d.e.b.e.BookInfoExcelListener        : data = BookInfoExcelModel(bookName=java从入门到精通, bookPrice=55.5, bookAuther=Jack Tomas, bookType=科技, rareFlag=非珍本, press=四川工业大学出版社, pressDate=Thu Oct 01 00:00:00 CST 2020, remark=null)
2020-10-14 15:41:40.324  INFO 28932 --- [http-nio-8080-exec-1] c.e.d.e.b.e.BookInfoExcelListener        : data = BookInfoExcelModel(bookName=明朝那些事儿, bookPrice=48.5, bookAuther=王朝青, bookType=文学, rareFlag=非珍本, press=辽宁出版社, pressDate=Wed Apr 28 00:00:00 CST 2010, remark=null)
2020-10-14 15:41:40.330  INFO 28932 --- [http-nio-8080-exec-1] c.e.d.e.b.controller.BookInfoController  : ------------importExcel end------------
2020-10-14 15:41:40.332  INFO 28932 --- [http-nio-8080-exec-1] c.e.d.base.aspect.BaseBeforeAspection    : ---commonAfter返回参数:{"code":"000000","data":"","msg":"交易成功"}
2020-10-14 15:41:40.345  INFO 28932 --- [pool-1-thread-1] com.zaxxer.hikari.HikariDataSource       : HikariPool-1 - Starting...
2020-10-14 15:41:41.334  INFO 28932 --- [pool-1-thread-1] com.zaxxer.hikari.HikariDataSource       : HikariPool-1 - Start completed.
2020-10-14 15:41:41.371  INFO 28932 --- [pool-1-thread-1] c.e.d.base.service.impl.BaseServiceImpl  : 202010141541401000016
2020-10-14 15:41:41.377  INFO 28932 --- [pool-1-thread-2] c.e.d.base.service.impl.BaseServiceImpl  : 202010141541411000017
2020-10-14 15:41:41.379 DEBUG 28932 --- [pool-1-thread-1] c.e.d.e.b.dao.BookInfoDao.insertOne      : ==>  Preparing: insert into t_book_info( id, book_name, book_price, book_auther, book_type, rare_flag, press, press_date, remark ) values( ?, ?, ?, ?, ?, ?, ?, ?, ? ); 
2020-10-14 15:41:41.388 DEBUG 28932 --- [pool-1-thread-1] c.e.d.e.b.dao.BookInfoDao.insertOne      : ==> Parameters: 202010141541401000016(String), java从入门到精通(String), 55.5(BigDecimal), Jack Tomas(String), 6(String), null, 四川工业大学出版社(String), 2020-10-01 00:00:00.0(Timestamp), null
2020-10-14 15:41:41.392 DEBUG 28932 --- [pool-1-thread-2] c.e.d.e.b.dao.BookInfoDao.insertOne      : ==>  Preparing: insert into t_book_info( id, book_name, book_price, book_auther, book_type, rare_flag, press, press_date, remark ) values( ?, ?, ?, ?, ?, ?, ?, ?, ? ); 
2020-10-14 15:41:41.394 DEBUG 28932 --- [pool-1-thread-2] c.e.d.e.b.dao.BookInfoDao.insertOne      : ==> Parameters: 202010141541411000017(String), 明朝那些事儿(String), 48.5(BigDecimal), 王朝青(String), 2(String), null, 辽宁出版社(String), 2010-04-28 00:00:00.0(Timestamp), null
2020-10-14 15:44:37.744  INFO 28932 --- [SpringContextShutdownHook] com.zaxxer.hikari.HikariDataSource       : HikariPool-1 - Shutdown initiated...
2020-10-14 15:44:37.753  INFO 28932 --- [SpringContextShutdownHook] com.zaxxer.hikari.HikariDataSource       : HikariPool-1 - Shutdown completed.
2020-10-14 15:45:22.864  INFO 36328 --- [main] com.example.demo.DemoApplication         : Starting DemoApplication on DESKTOP-5PPEK6U with PID 36328 (E:\1.IDEA\Workspace\spring-boot-hello\target\classes started by long_tao in E:\1.IDEA\Workspace\spring-boot-hello)
2020-10-14 15:45:22.867  INFO 36328 --- [main] com.example.demo.DemoApplication         : No active profile set, falling back to default profiles: default
2020-10-14 15:45:23.633  INFO 36328 --- [main] .s.d.r.c.RepositoryConfigurationDelegate : Multiple Spring Data modules found, entering strict repository configuration mode!
2020-10-14 15:45:23.635  INFO 36328 --- [main] .s.d.r.c.RepositoryConfigurationDelegate : Bootstrapping Spring Data Redis repositories in DEFAULT mode.
2020-10-14 15:45:23.676  INFO 36328 --- [main] .s.d.r.c.RepositoryConfigurationDelegate : Finished Spring Data repository scanning in 27ms. Found 0 Redis repository interfaces.
2020-10-14 15:45:24.543  INFO 36328 --- [main] o.s.b.w.embedded.tomcat.TomcatWebServer  : Tomcat initialized with port(s): 8080 (http)
2020-10-14 15:45:24.554  INFO 36328 --- [main] o.apache.catalina.core.StandardService   : Starting service [Tomcat]
2020-10-14 15:45:24.554  INFO 36328 --- [main] org.apache.catalina.core.StandardEngine  : Starting Servlet engine: [Apache Tomcat/9.0.35]
2020-10-14 15:45:24.651  INFO 36328 --- [main] o.a.c.c.C.[Tomcat].[localhost].[/]       : Initializing Spring embedded WebApplicationContext
2020-10-14 15:45:24.652  INFO 36328 --- [main] o.s.web.context.ContextLoader            : Root WebApplicationContext: initialization completed in 1739 ms
2020-10-14 15:45:27.981  INFO 36328 --- [main] o.s.b.w.embedded.tomcat.TomcatWebServer  : Tomcat started on port(s): 8080 (http) with context path ''
2020-10-14 15:45:27.988  INFO 36328 --- [main] com.example.demo.DemoApplication         : Started DemoApplication in 5.611 seconds (JVM running for 7.163)
2020-10-14 15:46:13.696  INFO 36328 --- [http-nio-8080-exec-1] o.a.c.c.C.[Tomcat].[localhost].[/]       : Initializing Spring DispatcherServlet 'dispatcherServlet'
2020-10-14 15:46:13.696  INFO 36328 --- [http-nio-8080-exec-1] o.s.web.servlet.DispatcherServlet        : Initializing Servlet 'dispatcherServlet'
2020-10-14 15:46:13.716  INFO 36328 --- [http-nio-8080-exec-1] o.s.web.servlet.DispatcherServlet        : Completed initialization in 20 ms
2020-10-14 15:46:13.766  INFO 36328 --- [http-nio-8080-exec-1] c.e.d.base.aspect.BaseBeforeAspection    : ------BaseBeforeAspect---获取到请求参数------
2020-10-14 15:46:13.767  INFO 36328 --- [http-nio-8080-exec-1] c.e.d.base.aspect.BaseBeforeAspection    : ---入口方法:com.example.demo.executer.bookInfo.controller.BookInfoController
2020-10-14 15:46:13.768  INFO 36328 --- [http-nio-8080-exec-1] c.e.d.base.aspect.BaseBeforeAspection    : ---请求方法:importExcel
2020-10-14 15:46:13.840  INFO 36328 --- [http-nio-8080-exec-1] c.e.d.base.aspect.BaseBeforeAspection    : 不能打印请求参数
2020-10-14 15:46:13.843  INFO 36328 --- [http-nio-8080-exec-1] c.e.d.e.b.controller.BookInfoController  : ------------importExcel start------------
2020-10-14 15:46:14.173  INFO 36328 --- [http-nio-8080-exec-1] c.e.d.e.b.e.BookInfoExcelListener        : data = BookInfoExcelModel(bookName=java从入门到精通, bookPrice=55.5, bookAuther=Jack Tomas, bookType=科技, rareFlag=非珍本, press=四川工业大学出版社, pressDate=Thu Oct 01 00:00:00 CST 2020, remark=null)
2020-10-14 15:46:14.174  INFO 36328 --- [http-nio-8080-exec-1] c.e.d.e.b.e.BookInfoExcelListener        : data = BookInfoExcelModel(bookName=明朝那些事儿, bookPrice=48.5, bookAuther=王朝青, bookType=文学, rareFlag=非珍本, press=辽宁出版社, pressDate=Wed Apr 28 00:00:00 CST 2010, remark=null)
2020-10-14 15:46:14.181  INFO 36328 --- [http-nio-8080-exec-1] c.e.d.e.b.controller.BookInfoController  : ------------importExcel end------------
2020-10-14 15:46:14.184  INFO 36328 --- [http-nio-8080-exec-1] c.e.d.base.aspect.BaseBeforeAspection    : ---commonAfter返回参数:{"code":"000000","data":"","msg":"交易成功"}
2020-10-14 15:46:14.199  INFO 36328 --- [pool-1-thread-1] com.zaxxer.hikari.HikariDataSource       : HikariPool-1 - Starting...
2020-10-14 15:46:15.236  INFO 36328 --- [pool-1-thread-1] com.zaxxer.hikari.HikariDataSource       : HikariPool-1 - Start completed.
2020-10-14 15:46:15.280 DEBUG 36328 --- [pool-1-thread-1] c.e.d.e.b.dao.BookInfoDao.insertOne      : ==>  Preparing: insert into t_book_info( id, book_name, book_price, book_auther, book_type, rare_flag, press, press_date, remark ) values( ?, ?, ?, ?, ?, ?, ?, ?, ? ); 
2020-10-14 15:46:15.289 DEBUG 36328 --- [pool-1-thread-1] c.e.d.e.b.dao.BookInfoDao.insertOne      : ==> Parameters: 202010141546141000018(String), java从入门到精通(String), 55.5(BigDecimal), Jack Tomas(String), 6(String), null, 四川工业大学出版社(String), 2020-10-01 00:00:00.0(Timestamp), null
2020-10-14 15:46:15.292 DEBUG 36328 --- [pool-1-thread-2] c.e.d.e.b.dao.BookInfoDao.insertOne      : ==>  Preparing: insert into t_book_info( id, book_name, book_price, book_auther, book_type, rare_flag, press, press_date, remark ) values( ?, ?, ?, ?, ?, ?, ?, ?, ? ); 
2020-10-14 15:46:15.293 DEBUG 36328 --- [pool-1-thread-2] c.e.d.e.b.dao.BookInfoDao.insertOne      : ==> Parameters: 202010141546151000019(String), 明朝那些事儿(String), 48.5(BigDecimal), 王朝青(String), 2(String), null, 辽宁出版社(String), 2010-04-28 00:00:00.0(Timestamp), null
2020-10-14 15:46:15.293 DEBUG 36328 --- [pool-1-thread-1] c.e.d.e.b.dao.BookInfoDao.insertOne      : <==    Updates: 1
2020-10-14 15:46:15.297 DEBUG 36328 --- [pool-1-thread-2] c.e.d.e.b.dao.BookInfoDao.insertOne      : <==    Updates: 1
2020-10-14 15:56:18.590  INFO 36328 --- [SpringContextShutdownHook] com.zaxxer.hikari.HikariDataSource       : HikariPool-1 - Shutdown initiated...
2020-10-14 15:56:18.599  INFO 36328 --- [SpringContextShutdownHook] com.zaxxer.hikari.HikariDataSource       : HikariPool-1 - Shutdown completed.
2020-10-14 15:56:26.611  INFO 35752 --- [main] com.example.demo.DemoApplication         : Starting DemoApplication on DESKTOP-5PPEK6U with PID 35752 (E:\1.IDEA\Workspace\spring-boot-hello\target\classes started by long_tao in E:\1.IDEA\Workspace\spring-boot-hello)
2020-10-14 15:56:26.614  INFO 35752 --- [main] com.example.demo.DemoApplication         : No active profile set, falling back to default profiles: default
2020-10-14 15:56:27.332  INFO 35752 --- [main] .s.d.r.c.RepositoryConfigurationDelegate : Multiple Spring Data modules found, entering strict repository configuration mode!
2020-10-14 15:56:27.334  INFO 35752 --- [main] .s.d.r.c.RepositoryConfigurationDelegate : Bootstrapping Spring Data Redis repositories in DEFAULT mode.
2020-10-14 15:56:27.373  INFO 35752 --- [main] .s.d.r.c.RepositoryConfigurationDelegate : Finished Spring Data repository scanning in 27ms. Found 0 Redis repository interfaces.
2020-10-14 15:56:28.404  INFO 35752 --- [main] o.s.b.w.embedded.tomcat.TomcatWebServer  : Tomcat initialized with port(s): 8080 (http)
2020-10-14 15:56:28.412  INFO 35752 --- [main] o.apache.catalina.core.StandardService   : Starting service [Tomcat]
2020-10-14 15:56:28.412  INFO 35752 --- [main] org.apache.catalina.core.StandardEngine  : Starting Servlet engine: [Apache Tomcat/9.0.35]
2020-10-14 15:56:28.515  INFO 35752 --- [main] o.a.c.c.C.[Tomcat].[localhost].[/]       : Initializing Spring embedded WebApplicationContext
2020-10-14 15:56:28.515  INFO 35752 --- [main] o.s.web.context.ContextLoader            : Root WebApplicationContext: initialization completed in 1853 ms
2020-10-14 15:56:32.457  INFO 35752 --- [main] o.s.b.w.embedded.tomcat.TomcatWebServer  : Tomcat started on port(s): 8080 (http) with context path ''
2020-10-14 15:56:32.472  INFO 35752 --- [main] com.example.demo.DemoApplication         : Started DemoApplication in 6.332 seconds (JVM running for 8.081)
2020-10-14 15:56:38.678  INFO 35752 --- [http-nio-8080-exec-2] o.a.c.c.C.[Tomcat].[localhost].[/]       : Initializing Spring DispatcherServlet 'dispatcherServlet'
2020-10-14 15:56:38.679  INFO 35752 --- [http-nio-8080-exec-2] o.s.web.servlet.DispatcherServlet        : Initializing Servlet 'dispatcherServlet'
2020-10-14 15:56:38.719  INFO 35752 --- [http-nio-8080-exec-2] o.s.web.servlet.DispatcherServlet        : Completed initialization in 40 ms
2020-10-14 15:56:38.795  INFO 35752 --- [http-nio-8080-exec-2] c.e.d.base.aspect.BaseAroundAspection    : ------BaseBeforeAspect---获取到请求参数------
2020-10-14 15:56:38.798  INFO 35752 --- [http-nio-8080-exec-2] c.e.d.base.aspect.BaseAroundAspection    : ---入口方法:com.example.demo.executer.bookInfo.controller.BookInfoController
2020-10-14 15:56:38.798  INFO 35752 --- [http-nio-8080-exec-2] c.e.d.base.aspect.BaseAroundAspection    : ---请求方法:importExcel
2020-10-14 15:56:38.894  INFO 35752 --- [http-nio-8080-exec-2] c.e.d.base.aspect.BaseAroundAspection    : 不能打印请求参数
2020-10-14 15:56:38.894  INFO 35752 --- [http-nio-8080-exec-2] c.e.d.base.aspect.BaseAroundAspection    : ------开始执行请求方法:importExcel
2020-10-14 15:56:38.898  INFO 35752 --- [http-nio-8080-exec-2] c.e.d.e.b.controller.BookInfoController  : ------------importExcel start------------
2020-10-14 15:56:39.292  INFO 35752 --- [http-nio-8080-exec-2] c.e.d.e.b.e.BookInfoExcelListener        : data = BookInfoExcelModel(bookName=java从入门到精通, bookPrice=55.5, bookAuther=Jack Tomas, bookType=科技, rareFlag=非珍本, press=四川工业大学出版社, pressDate=Thu Oct 01 00:00:00 CST 2020, remark=null)
2020-10-14 15:56:39.293  INFO 35752 --- [http-nio-8080-exec-2] c.e.d.e.b.e.BookInfoExcelListener        : data = BookInfoExcelModel(bookName=明朝那些事儿, bookPrice=48.5, bookAuther=王朝青, bookType=文学, rareFlag=非珍本, press=辽宁出版社, pressDate=Wed Apr 28 00:00:00 CST 2010, remark=null)
2020-10-14 15:56:39.299  INFO 35752 --- [http-nio-8080-exec-2] c.e.d.e.b.controller.BookInfoController  : ------------importExcel end------------
2020-10-14 15:56:39.300  INFO 35752 --- [http-nio-8080-exec-2] c.e.d.base.aspect.BaseAroundAspection    : ---请求方法:importExcel---执行时间:405
2020-10-14 15:56:39.302  INFO 35752 --- [http-nio-8080-exec-2] c.e.d.base.aspect.BaseAroundAspection    : ---返回参数:{"code":"000000","data":"","msg":"交易成功"}
2020-10-14 15:56:39.326  INFO 35752 --- [pool-1-thread-1] com.zaxxer.hikari.HikariDataSource       : HikariPool-1 - Starting...
2020-10-14 15:56:40.333  INFO 35752 --- [pool-1-thread-1] com.zaxxer.hikari.HikariDataSource       : HikariPool-1 - Start completed.
2020-10-14 15:56:40.377 DEBUG 35752 --- [pool-1-thread-1] c.e.d.e.b.dao.BookInfoDao.insertOne      : ==>  Preparing: insert into t_book_info( id, book_name, book_price, book_auther, book_type, rare_flag, press, press_date, remark ) values( ?, ?, ?, ?, ?, ?, ?, ?, ? ); 
2020-10-14 15:56:40.387 DEBUG 35752 --- [pool-1-thread-1] c.e.d.e.b.dao.BookInfoDao.insertOne      : ==> Parameters: 202010141556391000020(String), java从入门到精通(String), 55.5(BigDecimal), Jack Tomas(String), 6(String), null, 四川工业大学出版社(String), 2020-10-01 00:00:00.0(Timestamp), null
2020-10-14 15:56:40.390 DEBUG 35752 --- [pool-1-thread-1] c.e.d.e.b.dao.BookInfoDao.insertOne      : <==    Updates: 1
2020-10-14 15:56:40.391 DEBUG 35752 --- [pool-1-thread-2] c.e.d.e.b.dao.BookInfoDao.insertOne      : ==>  Preparing: insert into t_book_info( id, book_name, book_price, book_auther, book_type, rare_flag, press, press_date, remark ) values( ?, ?, ?, ?, ?, ?, ?, ?, ? ); 
2020-10-14 15:56:40.392 DEBUG 35752 --- [pool-1-thread-2] c.e.d.e.b.dao.BookInfoDao.insertOne      : ==> Parameters: 202010141556401000021(String), 明朝那些事儿(String), 48.5(BigDecimal), 王朝青(String), 2(String), null, 辽宁出版社(String), 2010-04-28 00:00:00.0(Timestamp), null
2020-10-14 15:56:40.395 DEBUG 35752 --- [pool-1-thread-2] c.e.d.e.b.dao.BookInfoDao.insertOne      : <==    Updates: 1
2020-10-14 16:00:07.977  INFO 35752 --- [SpringContextShutdownHook] com.zaxxer.hikari.HikariDataSource       : HikariPool-1 - Shutdown initiated...
2020-10-14 16:00:07.986  INFO 35752 --- [SpringContextShutdownHook] com.zaxxer.hikari.HikariDataSource       : HikariPool-1 - Shutdown completed.
2020-10-14 16:00:11.971  INFO 33216 --- [main] com.example.demo.DemoApplication         : Starting DemoApplication on DESKTOP-5PPEK6U with PID 33216 (E:\1.IDEA\Workspace\spring-boot-hello\target\classes started by long_tao in E:\1.IDEA\Workspace\spring-boot-hello)
2020-10-14 16:00:11.974  INFO 33216 --- [main] com.example.demo.DemoApplication         : No active profile set, falling back to default profiles: default
2020-10-14 16:00:12.652  INFO 33216 --- [main] .s.d.r.c.RepositoryConfigurationDelegate : Multiple Spring Data modules found, entering strict repository configuration mode!
2020-10-14 16:00:12.654  INFO 33216 --- [main] .s.d.r.c.RepositoryConfigurationDelegate : Bootstrapping Spring Data Redis repositories in DEFAULT mode.
2020-10-14 16:00:12.696  INFO 33216 --- [main] .s.d.r.c.RepositoryConfigurationDelegate : Finished Spring Data repository scanning in 29ms. Found 0 Redis repository interfaces.
2020-10-14 16:00:13.736  INFO 33216 --- [main] o.s.b.w.embedded.tomcat.TomcatWebServer  : Tomcat initialized with port(s): 8080 (http)
2020-10-14 16:00:13.744  INFO 33216 --- [main] o.apache.catalina.core.StandardService   : Starting service [Tomcat]
2020-10-14 16:00:13.744  INFO 33216 --- [main] org.apache.catalina.core.StandardEngine  : Starting Servlet engine: [Apache Tomcat/9.0.35]
2020-10-14 16:00:13.838  INFO 33216 --- [main] o.a.c.c.C.[Tomcat].[localhost].[/]       : Initializing Spring embedded WebApplicationContext
2020-10-14 16:00:13.838  INFO 33216 --- [main] o.s.web.context.ContextLoader            : Root WebApplicationContext: initialization completed in 1822 ms
2020-10-14 16:00:17.722  INFO 33216 --- [main] o.s.b.w.embedded.tomcat.TomcatWebServer  : Tomcat started on port(s): 8080 (http) with context path ''
2020-10-14 16:00:17.732  INFO 33216 --- [main] com.example.demo.DemoApplication         : Started DemoApplication in 6.192 seconds (JVM running for 7.782)
2020-10-14 16:00:19.258  INFO 33216 --- [http-nio-8080-exec-1] o.a.c.c.C.[Tomcat].[localhost].[/]       : Initializing Spring DispatcherServlet 'dispatcherServlet'
2020-10-14 16:00:19.258  INFO 33216 --- [http-nio-8080-exec-1] o.s.web.servlet.DispatcherServlet        : Initializing Servlet 'dispatcherServlet'
2020-10-14 16:00:19.325  INFO 33216 --- [http-nio-8080-exec-1] o.s.web.servlet.DispatcherServlet        : Completed initialization in 67 ms
2020-10-14 16:00:19.377  INFO 33216 --- [http-nio-8080-exec-1] c.e.d.base.aspect.BaseAroundAspection    : ------BaseBeforeAspect---获取到请求参数------
2020-10-14 16:00:19.378  INFO 33216 --- [http-nio-8080-exec-1] c.e.d.base.aspect.BaseAroundAspection    : ---入口方法:com.example.demo.executer.bookInfo.controller.BookInfoController
2020-10-14 16:00:19.379  INFO 33216 --- [http-nio-8080-exec-1] c.e.d.base.aspect.BaseAroundAspection    : ---请求方法:importExcel
2020-10-14 16:00:19.456  INFO 33216 --- [http-nio-8080-exec-1] c.e.d.base.aspect.BaseAroundAspection    : 不能打印请求参数
2020-10-14 16:00:19.456  INFO 33216 --- [http-nio-8080-exec-1] c.e.d.base.aspect.BaseAroundAspection    : ------开始执行请求方法:importExcel
2020-10-14 16:00:19.459  INFO 33216 --- [http-nio-8080-exec-1] c.e.d.e.b.controller.BookInfoController  : ------------importExcel start------------
2020-10-14 16:00:19.783  INFO 33216 --- [http-nio-8080-exec-1] c.e.d.e.b.e.BookInfoExcelListener        : data = BookInfoExcelModel(bookName=java从入门到精通, bookPrice=55.5, bookAuther=Jack Tomas, bookType=科技, rareFlag=非珍本, press=四川工业大学出版社, pressDate=Thu Oct 01 00:00:00 CST 2020, remark=null)
2020-10-14 16:00:19.784  INFO 33216 --- [http-nio-8080-exec-1] c.e.d.e.b.e.BookInfoExcelListener        : data = BookInfoExcelModel(bookName=明朝那些事儿, bookPrice=48.5, bookAuther=王朝青, bookType=文学, rareFlag=非珍本, press=辽宁出版社, pressDate=Wed Apr 28 00:00:00 CST 2010, remark=null)
2020-10-14 16:00:19.790  INFO 33216 --- [http-nio-8080-exec-1] c.e.d.e.b.controller.BookInfoController  : ------------importExcel end------------
2020-10-14 16:00:19.791  INFO 33216 --- [http-nio-8080-exec-1] c.e.d.base.aspect.BaseAroundAspection    : ---请求方法:importExcel---执行时间:335
2020-10-14 16:00:19.794  INFO 33216 --- [http-nio-8080-exec-1] c.e.d.base.aspect.BaseAroundAspection    : ---返回参数:{"code":"000000","data":"","msg":"交易成功"}
2020-10-14 16:00:19.814  INFO 33216 --- [pool-1-thread-1] com.zaxxer.hikari.HikariDataSource       : HikariPool-1 - Starting...
2020-10-14 16:00:20.986  INFO 33216 --- [pool-1-thread-1] com.zaxxer.hikari.HikariDataSource       : HikariPool-1 - Start completed.
2020-10-14 16:03:57.739  INFO 33216 --- [http-nio-8080-exec-5] c.e.d.base.aspect.BaseBeforeAspection    : ------BaseBeforeAspect---获取到请求参数------
2020-10-14 16:03:57.740  INFO 33216 --- [http-nio-8080-exec-5] c.e.d.base.aspect.BaseBeforeAspection    : ---入口方法:com.example.demo.executer.readerBlackList.controller.ReaderBlackListController
2020-10-14 16:03:57.740  INFO 33216 --- [http-nio-8080-exec-5] c.e.d.base.aspect.BaseBeforeAspection    : ---请求方法:importExcel
2020-10-14 16:03:57.741  INFO 33216 --- [http-nio-8080-exec-5] c.e.d.base.aspect.BaseBeforeAspection    : 不能打印请求参数
2020-10-14 16:03:57.744  INFO 33216 --- [http-nio-8080-exec-5] c.e.d.e.r.c.ReaderBlackListController    : ------------importExcel start------------
2020-10-14 16:03:57.783  INFO 33216 --- [http-nio-8080-exec-5] c.e.d.e.r.e.BlackListExcelListener       : data = BlackListExcel(readerId=202010090001, readerName=json, blackFlag=0)
2020-10-14 16:03:57.839 ERROR 33216 --- [http-nio-8080-exec-5] c.e.d.e.r.c.ReaderBlackListController    : 导入表异常：org.springframework.dao.DataIntegrityViolationException: 
### Error updating database.  Cause: java.sql.SQLIntegrityConstraintViolationException: Column 'id' cannot be null
### The error may involve com.example.demo.executer.readerBlackList.dao.ReaderBlackListDao.insertOne-Inline
### The error occurred while setting parameters
### SQL: insert into t_reader_black_list(         id,         reader_id,         reader_name,         black_flag         )         values(         ?,         ?,         ?,         ?         );
### Cause: java.sql.SQLIntegrityConstraintViolationException: Column 'id' cannot be null
; Column 'id' cannot be null; nested exception is java.sql.SQLIntegrityConstraintViolationException: Column 'id' cannot be null
2020-10-14 16:03:57.840  INFO 33216 --- [http-nio-8080-exec-5] c.e.d.base.aspect.BaseBeforeAspection    : ---commonAfter返回参数:{"code":"000001","data":"\r\n### Error updating database.  Cause: java.sql.SQLIntegrityConstraintViolationException: Column 'id' cannot be null\r\n### The error may involve com.example.demo.executer.readerBlackList.dao.ReaderBlackListDao.insertOne-Inline\r\n### The error occurred while setting parameters\r\n### SQL: insert into t_reader_black_list(         id,         reader_id,         reader_name,         black_flag         )         values(         ?,         ?,         ?,         ?         );\r\n### Cause: java.sql.SQLIntegrityConstraintViolationException: Column 'id' cannot be null\n; Column 'id' cannot be null; nested exception is java.sql.SQLIntegrityConstraintViolationException: Column 'id' cannot be null","msg":"交易失败"}
2020-10-14 16:04:30.892  INFO 33216 --- [SpringContextShutdownHook] com.zaxxer.hikari.HikariDataSource       : HikariPool-1 - Shutdown initiated...
2020-10-14 16:04:30.902  INFO 33216 --- [SpringContextShutdownHook] com.zaxxer.hikari.HikariDataSource       : HikariPool-1 - Shutdown completed.
2020-10-14 16:04:36.487  INFO 38820 --- [main] com.example.demo.DemoApplication         : Starting DemoApplication on DESKTOP-5PPEK6U with PID 38820 (E:\1.IDEA\Workspace\spring-boot-hello\target\classes started by long_tao in E:\1.IDEA\Workspace\spring-boot-hello)
2020-10-14 16:04:36.489  INFO 38820 --- [main] com.example.demo.DemoApplication         : No active profile set, falling back to default profiles: default
2020-10-14 16:04:37.191  INFO 38820 --- [main] .s.d.r.c.RepositoryConfigurationDelegate : Multiple Spring Data modules found, entering strict repository configuration mode!
2020-10-14 16:04:37.193  INFO 38820 --- [main] .s.d.r.c.RepositoryConfigurationDelegate : Bootstrapping Spring Data Redis repositories in DEFAULT mode.
2020-10-14 16:04:37.233  INFO 38820 --- [main] .s.d.r.c.RepositoryConfigurationDelegate : Finished Spring Data repository scanning in 27ms. Found 0 Redis repository interfaces.
2020-10-14 16:04:38.268  INFO 38820 --- [main] o.s.b.w.embedded.tomcat.TomcatWebServer  : Tomcat initialized with port(s): 8080 (http)
2020-10-14 16:04:38.276  INFO 38820 --- [main] o.apache.catalina.core.StandardService   : Starting service [Tomcat]
2020-10-14 16:04:38.277  INFO 38820 --- [main] org.apache.catalina.core.StandardEngine  : Starting Servlet engine: [Apache Tomcat/9.0.35]
2020-10-14 16:04:38.373  INFO 38820 --- [main] o.a.c.c.C.[Tomcat].[localhost].[/]       : Initializing Spring embedded WebApplicationContext
2020-10-14 16:04:38.373  INFO 38820 --- [main] o.s.web.context.ContextLoader            : Root WebApplicationContext: initialization completed in 1842 ms
2020-10-14 16:04:42.211  INFO 38820 --- [main] o.s.b.w.embedded.tomcat.TomcatWebServer  : Tomcat started on port(s): 8080 (http) with context path ''
2020-10-14 16:04:42.219  INFO 38820 --- [main] com.example.demo.DemoApplication         : Started DemoApplication in 6.183 seconds (JVM running for 7.722)
2020-10-14 16:04:45.385  INFO 38820 --- [http-nio-8080-exec-1] o.a.c.c.C.[Tomcat].[localhost].[/]       : Initializing Spring DispatcherServlet 'dispatcherServlet'
2020-10-14 16:04:45.386  INFO 38820 --- [http-nio-8080-exec-1] o.s.web.servlet.DispatcherServlet        : Initializing Servlet 'dispatcherServlet'
2020-10-14 16:04:45.441  INFO 38820 --- [http-nio-8080-exec-1] o.s.web.servlet.DispatcherServlet        : Completed initialization in 55 ms
2020-10-14 16:04:45.590  INFO 38820 --- [http-nio-8080-exec-1] c.e.d.e.r.c.ReaderBlackListController    : ------------importExcel start------------
2020-10-14 16:04:45.932  INFO 38820 --- [http-nio-8080-exec-1] com.zaxxer.hikari.HikariDataSource       : HikariPool-1 - Starting...
2020-10-14 16:04:46.961  INFO 38820 --- [http-nio-8080-exec-1] com.zaxxer.hikari.HikariDataSource       : HikariPool-1 - Start completed.
2020-10-14 16:04:47.018  INFO 38820 --- [http-nio-8080-exec-1] c.e.d.e.r.c.ReaderBlackListController    : ------------importExcel end------------
2020-10-14 16:05:33.113  INFO 38820 --- [SpringContextShutdownHook] com.zaxxer.hikari.HikariDataSource       : HikariPool-1 - Shutdown initiated...
2020-10-14 16:05:33.122  INFO 38820 --- [SpringContextShutdownHook] com.zaxxer.hikari.HikariDataSource       : HikariPool-1 - Shutdown completed.
2020-10-14 16:05:36.918  INFO 10796 --- [main] com.example.demo.DemoApplication         : Starting DemoApplication on DESKTOP-5PPEK6U with PID 10796 (E:\1.IDEA\Workspace\spring-boot-hello\target\classes started by long_tao in E:\1.IDEA\Workspace\spring-boot-hello)
2020-10-14 16:05:36.922  INFO 10796 --- [main] com.example.demo.DemoApplication         : No active profile set, falling back to default profiles: default
2020-10-14 16:05:37.660  INFO 10796 --- [main] .s.d.r.c.RepositoryConfigurationDelegate : Multiple Spring Data modules found, entering strict repository configuration mode!
2020-10-14 16:05:37.662  INFO 10796 --- [main] .s.d.r.c.RepositoryConfigurationDelegate : Bootstrapping Spring Data Redis repositories in DEFAULT mode.
2020-10-14 16:05:37.703  INFO 10796 --- [main] .s.d.r.c.RepositoryConfigurationDelegate : Finished Spring Data repository scanning in 28ms. Found 0 Redis repository interfaces.
2020-10-14 16:05:38.718  INFO 10796 --- [main] o.s.b.w.embedded.tomcat.TomcatWebServer  : Tomcat initialized with port(s): 8080 (http)
2020-10-14 16:05:38.728  INFO 10796 --- [main] o.apache.catalina.core.StandardService   : Starting service [Tomcat]
2020-10-14 16:05:38.728  INFO 10796 --- [main] org.apache.catalina.core.StandardEngine  : Starting Servlet engine: [Apache Tomcat/9.0.35]
2020-10-14 16:05:38.820  INFO 10796 --- [main] o.a.c.c.C.[Tomcat].[localhost].[/]       : Initializing Spring embedded WebApplicationContext
2020-10-14 16:05:38.822  INFO 10796 --- [main] o.s.web.context.ContextLoader            : Root WebApplicationContext: initialization completed in 1854 ms
2020-10-14 16:05:42.980  INFO 10796 --- [main] o.s.b.w.embedded.tomcat.TomcatWebServer  : Tomcat started on port(s): 8080 (http) with context path ''
2020-10-14 16:05:42.992  INFO 10796 --- [main] com.example.demo.DemoApplication         : Started DemoApplication in 6.532 seconds (JVM running for 8.097)
2020-10-14 16:06:17.530  INFO 10796 --- [http-nio-8080-exec-1] o.a.c.c.C.[Tomcat].[localhost].[/]       : Initializing Spring DispatcherServlet 'dispatcherServlet'
2020-10-14 16:06:17.530  INFO 10796 --- [http-nio-8080-exec-1] o.s.web.servlet.DispatcherServlet        : Initializing Servlet 'dispatcherServlet'
2020-10-14 16:06:17.599  INFO 10796 --- [http-nio-8080-exec-1] o.s.web.servlet.DispatcherServlet        : Completed initialization in 68 ms
2020-10-14 16:06:17.731  INFO 10796 --- [http-nio-8080-exec-1] c.e.d.e.r.c.ReaderBlackListController    : ------------importExcel start------------
2020-10-14 16:06:18.054  INFO 10796 --- [http-nio-8080-exec-1] com.zaxxer.hikari.HikariDataSource       : HikariPool-1 - Starting...
2020-10-14 16:06:19.114  INFO 10796 --- [http-nio-8080-exec-1] com.zaxxer.hikari.HikariDataSource       : HikariPool-1 - Start completed.
2020-10-14 16:06:19.157 DEBUG 10796 --- [http-nio-8080-exec-1] c.e.d.e.r.d.R.insertOne                  : ==>  Preparing: insert into t_reader_black_list( id, reader_id, reader_name, black_flag ) values( ?, ?, ?, ? ); 
2020-10-14 16:06:19.166 DEBUG 10796 --- [http-nio-8080-exec-1] c.e.d.e.r.d.R.insertOne                  : ==> Parameters: 202010141606181000026(String), 202010090001(String), json(String), 0(String)
2020-10-14 16:06:19.170 DEBUG 10796 --- [http-nio-8080-exec-1] c.e.d.e.r.d.R.insertOne                  : <==    Updates: 1
2020-10-14 16:06:19.175 DEBUG 10796 --- [http-nio-8080-exec-1] c.e.d.e.r.d.R.insertOne                  : ==>  Preparing: insert into t_reader_black_list( id, reader_id, reader_name, black_flag ) values( ?, ?, ?, ? ); 
2020-10-14 16:06:19.176 DEBUG 10796 --- [http-nio-8080-exec-1] c.e.d.e.r.d.R.insertOne                  : ==> Parameters: 202010141606191000027(String), 202010090001(String), Reader Name(String), 1(String)
2020-10-14 16:06:19.179 DEBUG 10796 --- [http-nio-8080-exec-1] c.e.d.e.r.d.R.insertOne                  : <==    Updates: 1
2020-10-14 16:06:19.184  INFO 10796 --- [http-nio-8080-exec-1] c.e.d.e.r.c.ReaderBlackListController    : ------------importExcel end------------
2020-10-14 16:07:12.003  INFO 10796 --- [SpringContextShutdownHook] com.zaxxer.hikari.HikariDataSource       : HikariPool-1 - Shutdown initiated...
2020-10-14 16:07:12.012  INFO 10796 --- [SpringContextShutdownHook] com.zaxxer.hikari.HikariDataSource       : HikariPool-1 - Shutdown completed.
2020-10-14 16:07:15.790  INFO 29164 --- [main] com.example.demo.DemoApplication         : Starting DemoApplication on DESKTOP-5PPEK6U with PID 29164 (E:\1.IDEA\Workspace\spring-boot-hello\target\classes started by long_tao in E:\1.IDEA\Workspace\spring-boot-hello)
2020-10-14 16:07:15.793  INFO 29164 --- [main] com.example.demo.DemoApplication         : No active profile set, falling back to default profiles: default
2020-10-14 16:07:16.526  INFO 29164 --- [main] .s.d.r.c.RepositoryConfigurationDelegate : Multiple Spring Data modules found, entering strict repository configuration mode!
2020-10-14 16:07:16.528  INFO 29164 --- [main] .s.d.r.c.RepositoryConfigurationDelegate : Bootstrapping Spring Data Redis repositories in DEFAULT mode.
2020-10-14 16:07:16.568  INFO 29164 --- [main] .s.d.r.c.RepositoryConfigurationDelegate : Finished Spring Data repository scanning in 28ms. Found 0 Redis repository interfaces.
2020-10-14 16:07:17.605  INFO 29164 --- [main] o.s.b.w.embedded.tomcat.TomcatWebServer  : Tomcat initialized with port(s): 8080 (http)
2020-10-14 16:07:17.613  INFO 29164 --- [main] o.apache.catalina.core.StandardService   : Starting service [Tomcat]
2020-10-14 16:07:17.613  INFO 29164 --- [main] org.apache.catalina.core.StandardEngine  : Starting Servlet engine: [Apache Tomcat/9.0.35]
2020-10-14 16:07:17.709  INFO 29164 --- [main] o.a.c.c.C.[Tomcat].[localhost].[/]       : Initializing Spring embedded WebApplicationContext
2020-10-14 16:07:17.709  INFO 29164 --- [main] o.s.web.context.ContextLoader            : Root WebApplicationContext: initialization completed in 1873 ms
2020-10-14 16:07:21.691  INFO 29164 --- [main] o.s.b.w.embedded.tomcat.TomcatWebServer  : Tomcat started on port(s): 8080 (http) with context path ''
2020-10-14 16:07:21.700  INFO 29164 --- [main] com.example.demo.DemoApplication         : Started DemoApplication in 6.358 seconds (JVM running for 7.938)
2020-10-14 16:07:22.655  INFO 29164 --- [http-nio-8080-exec-2] o.a.c.c.C.[Tomcat].[localhost].[/]       : Initializing Spring DispatcherServlet 'dispatcherServlet'
2020-10-14 16:07:22.655  INFO 29164 --- [http-nio-8080-exec-2] o.s.web.servlet.DispatcherServlet        : Initializing Servlet 'dispatcherServlet'
2020-10-14 16:07:22.682  INFO 29164 --- [http-nio-8080-exec-2] o.s.web.servlet.DispatcherServlet        : Completed initialization in 27 ms
2020-10-14 16:07:22.744 DEBUG 29164 --- [http-nio-8080-exec-2] c.e.d.base.aspect.BaseBeforeAspection    : ------BaseBeforeAspect---获取到请求参数------
2020-10-14 16:07:22.747 DEBUG 29164 --- [http-nio-8080-exec-2] c.e.d.base.aspect.BaseBeforeAspection    : ---入口方法:com.example.demo.executer.readerBlackList.controller.ReaderBlackListController
2020-10-14 16:07:22.747 DEBUG 29164 --- [http-nio-8080-exec-2] c.e.d.base.aspect.BaseBeforeAspection    : ---请求方法:importExcel
2020-10-14 16:07:22.835 DEBUG 29164 --- [http-nio-8080-exec-2] c.e.d.base.aspect.BaseBeforeAspection    : 不能打印请求参数
2020-10-14 16:07:22.838  INFO 29164 --- [http-nio-8080-exec-2] c.e.d.e.r.c.ReaderBlackListController    : ------------importExcel start------------
2020-10-14 16:07:23.236  INFO 29164 --- [http-nio-8080-exec-2] com.zaxxer.hikari.HikariDataSource       : HikariPool-1 - Starting...
2020-10-14 16:07:24.478  INFO 29164 --- [http-nio-8080-exec-2] com.zaxxer.hikari.HikariDataSource       : HikariPool-1 - Start completed.
2020-10-14 16:07:24.485 DEBUG 29164 --- [http-nio-8080-exec-2] com.example.demo.base.dao.IDDao.getId    : ==>  Preparing: select get_seq_next(?); 
2020-10-14 16:07:24.507 DEBUG 29164 --- [http-nio-8080-exec-2] com.example.demo.base.dao.IDDao.getId    : ==> Parameters: base_number(String)
2020-10-14 16:07:24.531 DEBUG 29164 --- [http-nio-8080-exec-2] com.example.demo.base.dao.IDDao.getId    : <==      Total: 1
2020-10-14 16:07:24.536 DEBUG 29164 --- [http-nio-8080-exec-2] c.e.d.e.r.d.R.insertOne                  : ==>  Preparing: insert into t_reader_black_list( id, reader_id, reader_name, black_flag ) values( ?, ?, ?, ? ); 
2020-10-14 16:07:24.537 DEBUG 29164 --- [http-nio-8080-exec-2] c.e.d.e.r.d.R.insertOne                  : ==> Parameters: 202010141607231000028(String), 202010090001(String), json(String), 0(String)
2020-10-14 16:07:24.541 DEBUG 29164 --- [http-nio-8080-exec-2] c.e.d.e.r.d.R.insertOne                  : <==    Updates: 1
2020-10-14 16:07:24.542 DEBUG 29164 --- [http-nio-8080-exec-2] com.example.demo.base.dao.IDDao.getId    : ==>  Preparing: select get_seq_next(?); 
2020-10-14 16:07:24.542 DEBUG 29164 --- [http-nio-8080-exec-2] com.example.demo.base.dao.IDDao.getId    : ==> Parameters: base_number(String)
2020-10-14 16:07:24.545 DEBUG 29164 --- [http-nio-8080-exec-2] com.example.demo.base.dao.IDDao.getId    : <==      Total: 1
2020-10-14 16:07:24.546 DEBUG 29164 --- [http-nio-8080-exec-2] c.e.d.e.r.d.R.insertOne                  : ==>  Preparing: insert into t_reader_black_list( id, reader_id, reader_name, black_flag ) values( ?, ?, ?, ? ); 
2020-10-14 16:07:24.546 DEBUG 29164 --- [http-nio-8080-exec-2] c.e.d.e.r.d.R.insertOne                  : ==> Parameters: 202010141607241000029(String), 202010090001(String), Reader Name(String), 1(String)
2020-10-14 16:07:24.550 DEBUG 29164 --- [http-nio-8080-exec-2] c.e.d.e.r.d.R.insertOne                  : <==    Updates: 1
2020-10-14 16:07:24.554  INFO 29164 --- [http-nio-8080-exec-2] c.e.d.e.r.c.ReaderBlackListController    : ------------importExcel end------------
2020-10-14 16:07:24.556 DEBUG 29164 --- [http-nio-8080-exec-2] c.e.d.base.aspect.BaseBeforeAspection    : ---commonAfter返回参数:{"code":"000000","data":"","msg":"交易成功"}
2020-10-14 16:07:34.253  INFO 29164 --- [http-nio-8080-exec-3] c.e.d.base.aspect.BaseAroundAspection    : ------BaseBeforeAspect---获取到请求参数------
2020-10-14 16:07:34.254 DEBUG 29164 --- [http-nio-8080-exec-3] c.e.d.base.aspect.BaseAroundAspection    : ---入口方法:com.example.demo.executer.bookInfo.controller.BookInfoController
2020-10-14 16:07:34.254 DEBUG 29164 --- [http-nio-8080-exec-3] c.e.d.base.aspect.BaseAroundAspection    : ---请求方法:importExcel
2020-10-14 16:07:34.255 DEBUG 29164 --- [http-nio-8080-exec-3] c.e.d.base.aspect.BaseAroundAspection    : 不能打印请求参数
2020-10-14 16:07:34.255 DEBUG 29164 --- [http-nio-8080-exec-3] c.e.d.base.aspect.BaseAroundAspection    : ------开始执行请求方法:importExcel
2020-10-14 16:07:34.259  INFO 29164 --- [http-nio-8080-exec-3] c.e.d.e.b.controller.BookInfoController  : ------------importExcel start------------
2020-10-14 16:07:34.302 DEBUG 29164 --- [pool-1-thread-1] com.example.demo.base.dao.IDDao.getId    : ==>  Preparing: select get_seq_next(?); 
2020-10-14 16:07:34.302 DEBUG 29164 --- [pool-1-thread-1] com.example.demo.base.dao.IDDao.getId    : ==> Parameters: base_number(String)
2020-10-14 16:07:34.304  INFO 29164 --- [http-nio-8080-exec-3] c.e.d.e.b.controller.BookInfoController  : ------------importExcel end------------
2020-10-14 16:07:34.304 DEBUG 29164 --- [http-nio-8080-exec-3] c.e.d.base.aspect.BaseAroundAspection    : ---请求方法:importExcel---执行时间:48
2020-10-14 16:07:34.305 DEBUG 29164 --- [http-nio-8080-exec-3] c.e.d.base.aspect.BaseAroundAspection    : ---返回参数:{"code":"000000","data":"","msg":"交易成功"}
2020-10-14 16:07:34.306 DEBUG 29164 --- [pool-1-thread-1] com.example.demo.base.dao.IDDao.getId    : <==      Total: 1
2020-10-14 16:07:34.307 DEBUG 29164 --- [pool-1-thread-2] com.example.demo.base.dao.IDDao.getId    : ==>  Preparing: select get_seq_next(?); 
2020-10-14 16:07:34.308 DEBUG 29164 --- [pool-1-thread-2] com.example.demo.base.dao.IDDao.getId    : ==> Parameters: base_number(String)
2020-10-14 16:07:34.312 DEBUG 29164 --- [pool-1-thread-1] c.e.d.e.b.dao.BookInfoDao.insertOne      : ==>  Preparing: insert into t_book_info( id, book_name, book_price, book_auther, book_type, rare_flag, press, press_date, remark ) values( ?, ?, ?, ?, ?, ?, ?, ?, ? ); 
2020-10-14 16:07:34.313 DEBUG 29164 --- [pool-1-thread-2] com.example.demo.base.dao.IDDao.getId    : <==      Total: 1
2020-10-14 16:07:34.314 DEBUG 29164 --- [pool-1-thread-2] c.e.d.e.b.dao.BookInfoDao.insertOne      : ==>  Preparing: insert into t_book_info( id, book_name, book_price, book_auther, book_type, rare_flag, press, press_date, remark ) values( ?, ?, ?, ?, ?, ?, ?, ?, ? ); 
2020-10-14 16:07:34.316 DEBUG 29164 --- [pool-1-thread-2] c.e.d.e.b.dao.BookInfoDao.insertOne      : ==> Parameters: 202010141607341000031(String), 明朝那些事儿(String), 48.5(BigDecimal), 王朝青(String), 2(String), null, 辽宁出版社(String), 2010-04-28 00:00:00.0(Timestamp), null
2020-10-14 16:07:34.316 DEBUG 29164 --- [pool-1-thread-1] c.e.d.e.b.dao.BookInfoDao.insertOne      : ==> Parameters: 202010141607341000030(String), java从入门到精通(String), 55.5(BigDecimal), Jack Tomas(String), 6(String), null, 四川工业大学出版社(String), 2020-10-01 00:00:00.0(Timestamp), null
2020-10-14 16:07:34.322 DEBUG 29164 --- [pool-1-thread-1] c.e.d.e.b.dao.BookInfoDao.insertOne      : <==    Updates: 1
2020-10-14 16:07:34.324 DEBUG 29164 --- [pool-1-thread-2] c.e.d.e.b.dao.BookInfoDao.insertOne      : <==    Updates: 1
2020-10-14 16:13:12.181  INFO 29164 --- [http-nio-8080-exec-6] c.e.d.base.aspect.BaseAroundAspection    : ------BaseBeforeAspect---获取到请求参数------
2020-10-14 16:13:12.181 DEBUG 29164 --- [http-nio-8080-exec-6] c.e.d.base.aspect.BaseAroundAspection    : ---入口方法:com.example.demo.executer.bookInfo.controller.BookInfoController
2020-10-14 16:13:12.181 DEBUG 29164 --- [http-nio-8080-exec-6] c.e.d.base.aspect.BaseAroundAspection    : ---请求方法:importExcel
2020-10-14 16:13:12.182 DEBUG 29164 --- [http-nio-8080-exec-6] c.e.d.base.aspect.BaseAroundAspection    : 不能打印请求参数
2020-10-14 16:13:12.183 DEBUG 29164 --- [http-nio-8080-exec-6] c.e.d.base.aspect.BaseAroundAspection    : ------开始执行请求方法:importExcel
2020-10-14 16:13:12.183  INFO 29164 --- [http-nio-8080-exec-6] c.e.d.e.b.controller.BookInfoController  : ------------importExcel start------------
2020-10-14 16:13:12.207 DEBUG 29164 --- [pool-1-thread-4] com.example.demo.base.dao.IDDao.getId    : ==>  Preparing: select get_seq_next(?); 
2020-10-14 16:13:12.207 DEBUG 29164 --- [pool-1-thread-4] com.example.demo.base.dao.IDDao.getId    : ==> Parameters: base_number(String)
2020-10-14 16:13:12.211  INFO 29164 --- [http-nio-8080-exec-6] c.e.d.e.b.controller.BookInfoController  : ------------importExcel end------------
2020-10-14 16:13:12.211 DEBUG 29164 --- [pool-1-thread-4] com.example.demo.base.dao.IDDao.getId    : <==      Total: 1
2020-10-14 16:13:12.211 DEBUG 29164 --- [http-nio-8080-exec-6] c.e.d.base.aspect.BaseAroundAspection    : ---请求方法:importExcel---执行时间:28
2020-10-14 16:13:12.212 DEBUG 29164 --- [http-nio-8080-exec-6] c.e.d.base.aspect.BaseAroundAspection    : ---返回参数:{"code":"000000","data":"","msg":"交易成功"}
2020-10-14 16:13:12.212 DEBUG 29164 --- [pool-1-thread-3] com.example.demo.base.dao.IDDao.getId    : ==>  Preparing: select get_seq_next(?); 
2020-10-14 16:13:19.057 DEBUG 29164 --- [pool-1-thread-3] com.example.demo.base.dao.IDDao.getId    : ==> Parameters: base_number(String)
2020-10-14 16:13:49.472  WARN 29164 --- [HikariPool-1 housekeeper] com.zaxxer.hikari.pool.HikariPool        : HikariPool-1 - Thread starvation or clock leap detected (housekeeper delta=54s874ms162µs).
2020-10-14 16:13:49.473 DEBUG 29164 --- [pool-1-thread-4] c.e.d.e.b.dao.BookInfoDao.insertOne      : ==>  Preparing: insert into t_book_info( id, book_name, book_price, book_auther, book_type, rare_flag, press, press_date, remark ) values( ?, ?, ?, ?, ?, ?, ?, ?, ? ); 
2020-10-14 16:13:49.474 DEBUG 29164 --- [pool-1-thread-4] c.e.d.e.b.dao.BookInfoDao.insertOne      : ==> Parameters: 202010141613121000032(String), 明朝那些事儿(String), 48.5(BigDecimal), 王朝青(String), 2(String), null, 辽宁出版社(String), 2010-04-28 00:00:00.0(Timestamp), null
2020-10-14 16:13:49.476 DEBUG 29164 --- [pool-1-thread-3] com.example.demo.base.dao.IDDao.getId    : <==      Total: 1
2020-10-14 16:13:53.708 DEBUG 29164 --- [pool-1-thread-4] c.e.d.e.b.dao.BookInfoDao.insertOne      : <==    Updates: 1
2020-10-14 16:13:53.709 DEBUG 29164 --- [pool-1-thread-3] c.e.d.e.b.dao.BookInfoDao.insertOne      : ==>  Preparing: insert into t_book_info( id, book_name, book_price, book_auther, book_type, rare_flag, press, press_date, remark ) values( ?, ?, ?, ?, ?, ?, ?, ?, ? ); 
2020-10-14 16:13:53.710 DEBUG 29164 --- [pool-1-thread-3] c.e.d.e.b.dao.BookInfoDao.insertOne      : ==> Parameters: 202010141613121000033(String), java从入门到精通(String), 55.5(BigDecimal), Jack Tomas(String), 6(String), null, 四川工业大学出版社(String), 2020-10-01 00:00:00.0(Timestamp), null
2020-10-14 16:13:53.714 DEBUG 29164 --- [pool-1-thread-3] c.e.d.e.b.dao.BookInfoDao.insertOne      : <==    Updates: 1
2020-10-14 16:14:07.777  INFO 29164 --- [SpringContextShutdownHook] com.zaxxer.hikari.HikariDataSource       : HikariPool-1 - Shutdown initiated...
2020-10-14 16:14:07.784  INFO 29164 --- [SpringContextShutdownHook] com.zaxxer.hikari.HikariDataSource       : HikariPool-1 - Shutdown completed.
2020-10-14 16:14:13.234  INFO 25300 --- [main] com.example.demo.DemoApplication         : Starting DemoApplication on DESKTOP-5PPEK6U with PID 25300 (E:\1.IDEA\Workspace\spring-boot-hello\target\classes started by long_tao in E:\1.IDEA\Workspace\spring-boot-hello)
2020-10-14 16:14:13.237  INFO 25300 --- [main] com.example.demo.DemoApplication         : No active profile set, falling back to default profiles: default
2020-10-14 16:14:13.976  INFO 25300 --- [main] .s.d.r.c.RepositoryConfigurationDelegate : Multiple Spring Data modules found, entering strict repository configuration mode!
2020-10-14 16:14:13.979  INFO 25300 --- [main] .s.d.r.c.RepositoryConfigurationDelegate : Bootstrapping Spring Data Redis repositories in DEFAULT mode.
2020-10-14 16:14:14.023  INFO 25300 --- [main] .s.d.r.c.RepositoryConfigurationDelegate : Finished Spring Data repository scanning in 31ms. Found 0 Redis repository interfaces.
2020-10-14 16:14:15.063  INFO 25300 --- [main] o.s.b.w.embedded.tomcat.TomcatWebServer  : Tomcat initialized with port(s): 8080 (http)
2020-10-14 16:14:15.071  INFO 25300 --- [main] o.apache.catalina.core.StandardService   : Starting service [Tomcat]
2020-10-14 16:14:15.071  INFO 25300 --- [main] org.apache.catalina.core.StandardEngine  : Starting Servlet engine: [Apache Tomcat/9.0.35]
2020-10-14 16:14:15.176  INFO 25300 --- [main] o.a.c.c.C.[Tomcat].[localhost].[/]       : Initializing Spring embedded WebApplicationContext
2020-10-14 16:14:15.177  INFO 25300 --- [main] o.s.web.context.ContextLoader            : Root WebApplicationContext: initialization completed in 1886 ms
2020-10-14 16:14:19.108  INFO 25300 --- [main] o.s.b.w.embedded.tomcat.TomcatWebServer  : Tomcat started on port(s): 8080 (http) with context path ''
2020-10-14 16:14:19.117  INFO 25300 --- [main] com.example.demo.DemoApplication         : Started DemoApplication in 6.333 seconds (JVM running for 7.934)
2020-10-14 16:14:38.974  INFO 25300 --- [http-nio-8080-exec-2] o.a.c.c.C.[Tomcat].[localhost].[/]       : Initializing Spring DispatcherServlet 'dispatcherServlet'
2020-10-14 16:14:38.974  INFO 25300 --- [http-nio-8080-exec-2] o.s.web.servlet.DispatcherServlet        : Initializing Servlet 'dispatcherServlet'
2020-10-14 16:14:39.006  INFO 25300 --- [http-nio-8080-exec-2] o.s.web.servlet.DispatcherServlet        : Completed initialization in 32 ms
2020-10-14 16:14:39.057  INFO 25300 --- [http-nio-8080-exec-2] c.e.d.base.aspect.BaseAroundAspection    : ------BaseBeforeAspect---获取到请求参数------
2020-10-14 16:14:39.059 DEBUG 25300 --- [http-nio-8080-exec-2] c.e.d.base.aspect.BaseAroundAspection    : ---入口方法:com.example.demo.executer.bookInfo.controller.BookInfoController
2020-10-14 16:14:39.059 DEBUG 25300 --- [http-nio-8080-exec-2] c.e.d.base.aspect.BaseAroundAspection    : ---请求方法:importExcel
2020-10-14 16:14:39.133 DEBUG 25300 --- [http-nio-8080-exec-2] c.e.d.base.aspect.BaseAroundAspection    : 不能打印请求参数
2020-10-14 16:14:39.133 DEBUG 25300 --- [http-nio-8080-exec-2] c.e.d.base.aspect.BaseAroundAspection    : ------开始执行请求方法:importExcel
2020-10-14 16:14:39.136  INFO 25300 --- [http-nio-8080-exec-2] c.e.d.e.b.controller.BookInfoController  : ------------importExcel start------------
2020-10-14 16:14:39.516  INFO 25300 --- [http-nio-8080-exec-2] c.e.d.e.b.controller.BookInfoController  : ------------importExcel end------------
2020-10-14 16:14:39.517 DEBUG 25300 --- [http-nio-8080-exec-2] c.e.d.base.aspect.BaseAroundAspection    : ---请求方法:importExcel---执行时间:383
2020-10-14 16:14:39.521 DEBUG 25300 --- [http-nio-8080-exec-2] c.e.d.base.aspect.BaseAroundAspection    : ---返回参数:{"code":"000000","data":"","msg":"交易成功"}
2020-10-14 16:14:39.538  INFO 25300 --- [pool-1-thread-1] com.zaxxer.hikari.HikariDataSource       : HikariPool-1 - Starting...
2020-10-14 16:14:40.575  INFO 25300 --- [pool-1-thread-1] com.zaxxer.hikari.HikariDataSource       : HikariPool-1 - Start completed.
2020-10-14 16:14:40.584 DEBUG 25300 --- [pool-1-thread-1] com.example.demo.base.dao.IDDao.getId    : ==>  Preparing: select get_seq_next(?); 
2020-10-14 16:14:40.611 DEBUG 25300 --- [pool-1-thread-1] com.example.demo.base.dao.IDDao.getId    : ==> Parameters: base_number(String)
2020-10-14 16:14:40.635 DEBUG 25300 --- [pool-1-thread-1] com.example.demo.base.dao.IDDao.getId    : <==      Total: 1
2020-10-14 16:14:40.640 DEBUG 25300 --- [pool-1-thread-2] com.example.demo.base.dao.IDDao.getId    : ==>  Preparing: select get_seq_next(?); 
2020-10-14 16:14:40.641 DEBUG 25300 --- [pool-1-thread-2] com.example.demo.base.dao.IDDao.getId    : ==> Parameters: base_number(String)
2020-10-14 16:14:40.645 DEBUG 25300 --- [pool-1-thread-2] com.example.demo.base.dao.IDDao.getId    : <==      Total: 1
2020-10-14 16:14:40.646 DEBUG 25300 --- [pool-1-thread-1] c.e.d.e.b.dao.BookInfoDao.insertOne      : ==>  Preparing: insert into t_book_info( id, book_name, book_price, book_auther, book_type, rare_flag, press, press_date, remark ) values( ?, ?, ?, ?, ?, ?, ?, ?, ? ); 
2020-10-14 16:14:40.649 DEBUG 25300 --- [pool-1-thread-1] c.e.d.e.b.dao.BookInfoDao.insertOne      : ==> Parameters: 202010141614391000034(String), java从入门到精通(String), 55.5(BigDecimal), Jack Tomas(String), 6(String), unra(String), 四川工业大学出版社(String), 2020-10-01 00:00:00.0(Timestamp), null
2020-10-14 16:14:40.653 DEBUG 25300 --- [pool-1-thread-1] c.e.d.e.b.dao.BookInfoDao.insertOne      : <==    Updates: 1
2020-10-14 16:14:40.654 DEBUG 25300 --- [pool-1-thread-2] c.e.d.e.b.dao.BookInfoDao.insertOne      : ==>  Preparing: insert into t_book_info( id, book_name, book_price, book_auther, book_type, rare_flag, press, press_date, remark ) values( ?, ?, ?, ?, ?, ?, ?, ?, ? ); 
2020-10-14 16:14:40.655 DEBUG 25300 --- [pool-1-thread-2] c.e.d.e.b.dao.BookInfoDao.insertOne      : ==> Parameters: 202010141614401000035(String), 明朝那些事儿(String), 48.5(BigDecimal), 王朝青(String), 2(String), unra(String), 辽宁出版社(String), 2010-04-28 00:00:00.0(Timestamp), null
2020-10-14 16:14:40.658 DEBUG 25300 --- [pool-1-thread-2] c.e.d.e.b.dao.BookInfoDao.insertOne      : <==    Updates: 1
2020-10-14 16:19:07.215  INFO 25300 --- [http-nio-8080-exec-5] c.e.d.base.aspect.BaseAroundAspection    : ------BaseBeforeAspect---获取到请求参数------
2020-10-14 16:19:07.215 DEBUG 25300 --- [http-nio-8080-exec-5] c.e.d.base.aspect.BaseAroundAspection    : ---入口方法:com.example.demo.executer.bookInfo.controller.BookInfoController
2020-10-14 16:19:07.215 DEBUG 25300 --- [http-nio-8080-exec-5] c.e.d.base.aspect.BaseAroundAspection    : ---请求方法:importExcel
2020-10-14 16:19:07.216 DEBUG 25300 --- [http-nio-8080-exec-5] c.e.d.base.aspect.BaseAroundAspection    : 不能打印请求参数
2020-10-14 16:19:07.217 DEBUG 25300 --- [http-nio-8080-exec-5] c.e.d.base.aspect.BaseAroundAspection    : ------开始执行请求方法:importExcel
2020-10-14 16:19:07.217  INFO 25300 --- [http-nio-8080-exec-5] c.e.d.e.b.controller.BookInfoController  : ------------importExcel start------------
2020-10-14 16:19:07.245 DEBUG 25300 --- [pool-1-thread-3] com.example.demo.base.dao.IDDao.getId    : ==>  Preparing: select get_seq_next(?); 
2020-10-14 16:19:07.245 DEBUG 25300 --- [pool-1-thread-3] com.example.demo.base.dao.IDDao.getId    : ==> Parameters: base_number(String)
2020-10-14 16:19:07.248  INFO 25300 --- [http-nio-8080-exec-5] c.e.d.e.b.controller.BookInfoController  : ------------importExcel end------------
2020-10-14 16:19:07.248 DEBUG 25300 --- [http-nio-8080-exec-5] c.e.d.base.aspect.BaseAroundAspection    : ---请求方法:importExcel---执行时间:31
2020-10-14 16:19:07.248 DEBUG 25300 --- [http-nio-8080-exec-5] c.e.d.base.aspect.BaseAroundAspection    : ---返回参数:{"code":"000000","data":"","msg":"交易成功"}
2020-10-14 16:19:07.249 DEBUG 25300 --- [pool-1-thread-3] com.example.demo.base.dao.IDDao.getId    : <==      Total: 1
2020-10-14 16:19:07.250 DEBUG 25300 --- [pool-1-thread-4] com.example.demo.base.dao.IDDao.getId    : ==>  Preparing: select get_seq_next(?); 
2020-10-14 16:19:07.252 DEBUG 25300 --- [pool-1-thread-4] com.example.demo.base.dao.IDDao.getId    : ==> Parameters: base_number(String)
2020-10-14 16:19:07.252 DEBUG 25300 --- [pool-1-thread-3] c.e.d.e.b.dao.BookInfoDao.insertOne      : ==>  Preparing: insert into t_book_info( id, book_name, book_price, book_auther, book_type, rare_flag, press, press_date, remark ) values( ?, ?, ?, ?, ?, ?, ?, ?, ? ); 
2020-10-14 16:19:07.253 DEBUG 25300 --- [pool-1-thread-3] c.e.d.e.b.dao.BookInfoDao.insertOne      : ==> Parameters: 202010141619071000036(String), java从入门到精通(String), 55.5(BigDecimal), Jack Tomas(String), 6(String), unra(String), 四川工业大学出版社(String), 2020-10-01 00:00:00.0(Timestamp), null
2020-10-14 16:19:07.255 DEBUG 25300 --- [pool-1-thread-4] com.example.demo.base.dao.IDDao.getId    : <==      Total: 1
2020-10-14 16:19:07.256 DEBUG 25300 --- [pool-1-thread-4] c.e.d.e.b.dao.BookInfoDao.insertOne      : ==>  Preparing: insert into t_book_info( id, book_name, book_price, book_auther, book_type, rare_flag, press, press_date, remark ) values( ?, ?, ?, ?, ?, ?, ?, ?, ? ); 
2020-10-14 16:19:07.257 DEBUG 25300 --- [pool-1-thread-4] c.e.d.e.b.dao.BookInfoDao.insertOne      : ==> Parameters: 202010141619071000037(String), 明朝那些事儿(String), 48.5(BigDecimal), 王朝青(String), 2(String), unra(String), 辽宁出版社(String), 2010-04-28 00:00:00.0(Timestamp), null
2020-10-14 16:19:07.257 DEBUG 25300 --- [pool-1-thread-3] c.e.d.e.b.dao.BookInfoDao.insertOne      : <==    Updates: 1
2020-10-14 16:19:07.261 DEBUG 25300 --- [pool-1-thread-4] c.e.d.e.b.dao.BookInfoDao.insertOne      : <==    Updates: 1
2020-10-14 16:24:47.352  INFO 25300 --- [SpringContextShutdownHook] com.zaxxer.hikari.HikariDataSource       : HikariPool-1 - Shutdown initiated...
2020-10-14 16:24:47.360  INFO 25300 --- [SpringContextShutdownHook] com.zaxxer.hikari.HikariDataSource       : HikariPool-1 - Shutdown completed.
2020-10-14 16:24:53.100  INFO 36872 --- [main] com.example.demo.DemoApplication         : Starting DemoApplication on DESKTOP-5PPEK6U with PID 36872 (E:\1.IDEA\Workspace\spring-boot-hello\target\classes started by long_tao in E:\1.IDEA\Workspace\spring-boot-hello)
2020-10-14 16:24:53.102  INFO 36872 --- [main] com.example.demo.DemoApplication         : No active profile set, falling back to default profiles: default
2020-10-14 16:24:53.869  INFO 36872 --- [main] .s.d.r.c.RepositoryConfigurationDelegate : Multiple Spring Data modules found, entering strict repository configuration mode!
2020-10-14 16:24:53.871  INFO 36872 --- [main] .s.d.r.c.RepositoryConfigurationDelegate : Bootstrapping Spring Data Redis repositories in DEFAULT mode.
2020-10-14 16:24:53.912  INFO 36872 --- [main] .s.d.r.c.RepositoryConfigurationDelegate : Finished Spring Data repository scanning in 28ms. Found 0 Redis repository interfaces.
2020-10-14 16:24:54.991  INFO 36872 --- [main] o.s.b.w.embedded.tomcat.TomcatWebServer  : Tomcat initialized with port(s): 8080 (http)
2020-10-14 16:24:54.999  INFO 36872 --- [main] o.apache.catalina.core.StandardService   : Starting service [Tomcat]
2020-10-14 16:24:54.999  INFO 36872 --- [main] org.apache.catalina.core.StandardEngine  : Starting Servlet engine: [Apache Tomcat/9.0.35]
2020-10-14 16:24:55.098  INFO 36872 --- [main] o.a.c.c.C.[Tomcat].[localhost].[/]       : Initializing Spring embedded WebApplicationContext
2020-10-14 16:24:55.098  INFO 36872 --- [main] o.s.web.context.ContextLoader            : Root WebApplicationContext: initialization completed in 1944 ms
2020-10-14 16:24:58.926  INFO 36872 --- [main] o.s.b.w.embedded.tomcat.TomcatWebServer  : Tomcat started on port(s): 8080 (http) with context path ''
2020-10-14 16:24:58.934  INFO 36872 --- [main] com.example.demo.DemoApplication         : Started DemoApplication in 6.301 seconds (JVM running for 7.958)
2020-10-14 16:25:26.426  INFO 36872 --- [http-nio-8080-exec-2] o.a.c.c.C.[Tomcat].[localhost].[/]       : Initializing Spring DispatcherServlet 'dispatcherServlet'
2020-10-14 16:25:26.427  INFO 36872 --- [http-nio-8080-exec-2] o.s.web.servlet.DispatcherServlet        : Initializing Servlet 'dispatcherServlet'
2020-10-14 16:25:26.457  INFO 36872 --- [http-nio-8080-exec-2] o.s.web.servlet.DispatcherServlet        : Completed initialization in 30 ms
2020-10-14 16:25:26.522 DEBUG 36872 --- [http-nio-8080-exec-2] c.e.d.base.aspect.BaseAroundAspection    : ----------------------------------------------------------------------------------------------------start
2020-10-14 16:25:26.523  INFO 36872 --- [http-nio-8080-exec-2] c.e.d.base.aspect.BaseAroundAspection    : ------BaseBeforeAspect---获取到请求参数------
2020-10-14 16:25:26.525 DEBUG 36872 --- [http-nio-8080-exec-2] c.e.d.base.aspect.BaseAroundAspection    : ---入口方法:com.example.demo.executer.bookInfo.controller.BookInfoController
2020-10-14 16:25:26.525 DEBUG 36872 --- [http-nio-8080-exec-2] c.e.d.base.aspect.BaseAroundAspection    : ---请求方法:importExcel
2020-10-14 16:25:26.616 DEBUG 36872 --- [http-nio-8080-exec-2] c.e.d.base.aspect.BaseAroundAspection    : 不能打印请求参数
2020-10-14 16:25:26.616 DEBUG 36872 --- [http-nio-8080-exec-2] c.e.d.base.aspect.BaseAroundAspection    : ------开始执行请求方法:importExcel
2020-10-14 16:25:26.620  INFO 36872 --- [http-nio-8080-exec-2] c.e.d.e.b.controller.BookInfoController  : ------------importExcel start------------
2020-10-14 16:25:27.018  INFO 36872 --- [http-nio-8080-exec-2] c.e.d.e.b.controller.BookInfoController  : ------------importExcel end------------
2020-10-14 16:25:27.019 DEBUG 36872 --- [http-nio-8080-exec-2] c.e.d.base.aspect.BaseAroundAspection    : ---请求方法:importExcel---执行时间:403
2020-10-14 16:25:27.022 DEBUG 36872 --- [http-nio-8080-exec-2] c.e.d.base.aspect.BaseAroundAspection    : ---返回参数:{"code":"000000","data":"","msg":"交易成功"}
2020-10-14 16:25:27.022 DEBUG 36872 --- [http-nio-8080-exec-2] c.e.d.base.aspect.BaseAroundAspection    : ----------------------------------------------------------------------------------------------------end
2020-10-14 16:25:27.040  INFO 36872 --- [pool-1-thread-1] com.zaxxer.hikari.HikariDataSource       : HikariPool-1 - Starting...
2020-10-14 16:25:28.109  INFO 36872 --- [pool-1-thread-1] com.zaxxer.hikari.HikariDataSource       : HikariPool-1 - Start completed.
2020-10-14 16:25:28.114 DEBUG 36872 --- [pool-1-thread-1] com.example.demo.base.dao.IDDao.getId    : ==>  Preparing: select get_seq_next(?); 
2020-10-14 16:25:28.136 DEBUG 36872 --- [pool-1-thread-1] com.example.demo.base.dao.IDDao.getId    : ==> Parameters: base_number(String)
2020-10-14 16:25:28.162 DEBUG 36872 --- [pool-1-thread-1] com.example.demo.base.dao.IDDao.getId    : <==      Total: 1
2020-10-14 16:25:28.168 DEBUG 36872 --- [pool-1-thread-2] com.example.demo.base.dao.IDDao.getId    : ==>  Preparing: select get_seq_next(?); 
2020-10-14 16:25:28.168 DEBUG 36872 --- [pool-1-thread-2] com.example.demo.base.dao.IDDao.getId    : ==> Parameters: base_number(String)
2020-10-14 16:25:28.173 DEBUG 36872 --- [pool-1-thread-2] com.example.demo.base.dao.IDDao.getId    : <==      Total: 1
2020-10-14 16:25:28.174 DEBUG 36872 --- [pool-1-thread-1] c.e.d.e.b.dao.BookInfoDao.insertOne      : ==>  Preparing: insert into t_book_info( id, book_name, book_price, book_auther, book_type, rare_flag, press, press_date, remark ) values( ?, ?, ?, ?, ?, ?, ?, ?, ? ); 
2020-10-14 16:25:28.178 DEBUG 36872 --- [pool-1-thread-1] c.e.d.e.b.dao.BookInfoDao.insertOne      : ==> Parameters: 202010141625271000038(String), java从入门到精通(String), 55.5(BigDecimal), Jack Tomas(String), 6(String), unra(String), 四川工业大学出版社(String), 2020-10-01 00:00:00.0(Timestamp), null
2020-10-14 16:25:28.183 DEBUG 36872 --- [pool-1-thread-1] c.e.d.e.b.dao.BookInfoDao.insertOne      : <==    Updates: 1
2020-10-14 16:25:28.183 DEBUG 36872 --- [pool-1-thread-2] c.e.d.e.b.dao.BookInfoDao.insertOne      : ==>  Preparing: insert into t_book_info( id, book_name, book_price, book_auther, book_type, rare_flag, press, press_date, remark ) values( ?, ?, ?, ?, ?, ?, ?, ?, ? ); 
2020-10-14 16:25:28.184 DEBUG 36872 --- [pool-1-thread-2] c.e.d.e.b.dao.BookInfoDao.insertOne      : ==> Parameters: 202010141625281000039(String), 明朝那些事儿(String), 48.5(BigDecimal), 王朝青(String), 2(String), unra(String), 辽宁出版社(String), 2010-04-28 00:00:00.0(Timestamp), null
2020-10-14 16:25:28.188 DEBUG 36872 --- [pool-1-thread-2] c.e.d.e.b.dao.BookInfoDao.insertOne      : <==    Updates: 1
2020-10-14 16:38:10.785  INFO 36872 --- [SpringContextShutdownHook] com.zaxxer.hikari.HikariDataSource       : HikariPool-1 - Shutdown initiated...
2020-10-14 16:38:10.794  INFO 36872 --- [SpringContextShutdownHook] com.zaxxer.hikari.HikariDataSource       : HikariPool-1 - Shutdown completed.
