2020-06-08 09:18:20.130  INFO 4308 --- [main] com.example.demo.DemoApplication         : Starting DemoApplication on DESKTOP-5PPEK6U with PID 4308 (E:\1.IDEA\Workspace\spring-boot-hello\target\classes started by long_tao in E:\1.IDEA\Workspace\spring-boot-hello)
2020-06-08 09:18:20.136  INFO 4308 --- [main] com.example.demo.DemoApplication         : No active profile set, falling back to default profiles: default
2020-06-08 09:18:20.648  INFO 4308 --- [main] trationDelegate$BeanPostProcessorChecker : Bean 'threadConfig' of type [com.example.demo.threadConfig.ThreadConfig$$EnhancerBySpringCGLIB$$be4b2728] is not eligible for getting processed by all BeanPostProcessors (for example: not eligible for auto-proxying)
2020-06-08 09:18:20.828  INFO 4308 --- [main] o.s.b.w.embedded.tomcat.TomcatWebServer  : Tomcat initialized with port(s): 8080 (http)
2020-06-08 09:18:20.835  INFO 4308 --- [main] o.apache.catalina.core.StandardService   : Starting service [Tomcat]
2020-06-08 09:18:20.835  INFO 4308 --- [main] org.apache.catalina.core.StandardEngine  : Starting Servlet engine: [Apache Tomcat/9.0.35]
2020-06-08 09:18:20.897  INFO 4308 --- [main] o.a.c.c.C.[Tomcat].[localhost].[/]       : Initializing Spring embedded WebApplicationContext
2020-06-08 09:18:20.897  INFO 4308 --- [main] o.s.web.context.ContextLoader            : Root WebApplicationContext: initialization completed in 722 ms
2020-06-08 09:18:21.017  INFO 4308 --- [main] o.s.s.concurrent.ThreadPoolTaskExecutor  : Initializing ExecutorService 'applicationTaskExecutor'
2020-06-08 09:18:21.134  INFO 4308 --- [main] o.s.b.w.embedded.tomcat.TomcatWebServer  : Tomcat started on port(s): 8080 (http) with context path ''
2020-06-08 09:18:21.140  INFO 4308 --- [main] com.example.demo.DemoApplication         : Started DemoApplication in 1.315 seconds (JVM running for 2.426)
2020-06-08 09:18:37.723  INFO 4308 --- [http-nio-8080-exec-1] o.a.c.c.C.[Tomcat].[localhost].[/]       : Initializing Spring DispatcherServlet 'dispatcherServlet'
2020-06-08 09:18:37.724  INFO 4308 --- [http-nio-8080-exec-1] o.s.web.servlet.DispatcherServlet        : Initializing Servlet 'dispatcherServlet'
2020-06-08 09:18:37.728  INFO 4308 --- [http-nio-8080-exec-1] o.s.web.servlet.DispatcherServlet        : Completed initialization in 4 ms
2020-06-08 09:18:37.743  INFO 4308 --- [http-nio-8080-exec-1] o.s.s.concurrent.ThreadPoolTaskExecutor  : Initializing ExecutorService
2020-06-08 09:18:37.750  INFO 4308 --- [spring-boot-helloMon Jun 08 09:18:37 CST 2020java.util.Timer@1354eb6c1231] com.example.demo.service.UserService     : 即将输出：1000000.00
2020-06-08 09:18:54.095  INFO 4308 --- [spring-boot-helloMon Jun 08 09:18:37 CST 2020java.util.Timer@1354eb6c1232] com.example.demo.service.UserService     : 即将输出：1000000.00
2020-06-08 09:18:54.529  INFO 4308 --- [spring-boot-helloMon Jun 08 09:18:37 CST 2020java.util.Timer@1354eb6c1233] com.example.demo.service.UserService     : 即将输出：1000000.00
2020-06-08 09:18:54.733  INFO 4308 --- [spring-boot-helloMon Jun 08 09:18:37 CST 2020java.util.Timer@1354eb6c1234] com.example.demo.service.UserService     : 即将输出：1000000.00
2020-06-08 09:18:54.939  INFO 4308 --- [spring-boot-helloMon Jun 08 09:18:37 CST 2020java.util.Timer@1354eb6c1235] com.example.demo.service.UserService     : 即将输出：1000000.00
2020-06-08 09:23:41.424  INFO 14464 --- [main] com.example.demo.DemoApplication         : Starting DemoApplication on DESKTOP-5PPEK6U with PID 14464 (E:\1.IDEA\Workspace\spring-boot-hello\target\classes started by long_tao in E:\1.IDEA\Workspace\spring-boot-hello)
2020-06-08 09:23:41.426  INFO 14464 --- [main] com.example.demo.DemoApplication         : No active profile set, falling back to default profiles: default
2020-06-08 09:23:41.870  INFO 14464 --- [main] trationDelegate$BeanPostProcessorChecker : Bean 'threadConfig' of type [com.example.demo.threadConfig.ThreadConfig$$EnhancerBySpringCGLIB$$6fae20b7] is not eligible for getting processed by all BeanPostProcessors (for example: not eligible for auto-proxying)
2020-06-08 09:23:42.027  INFO 14464 --- [main] o.s.b.w.embedded.tomcat.TomcatWebServer  : Tomcat initialized with port(s): 8080 (http)
2020-06-08 09:23:42.032  INFO 14464 --- [main] o.apache.catalina.core.StandardService   : Starting service [Tomcat]
2020-06-08 09:23:42.033  INFO 14464 --- [main] org.apache.catalina.core.StandardEngine  : Starting Servlet engine: [Apache Tomcat/9.0.35]
2020-06-08 09:23:42.093  INFO 14464 --- [main] o.a.c.c.C.[Tomcat].[localhost].[/]       : Initializing Spring embedded WebApplicationContext
2020-06-08 09:23:42.093  INFO 14464 --- [main] o.s.web.context.ContextLoader            : Root WebApplicationContext: initialization completed in 638 ms
2020-06-08 09:23:42.214  INFO 14464 --- [main] o.s.s.concurrent.ThreadPoolTaskExecutor  : Initializing ExecutorService 'applicationTaskExecutor'
2020-06-08 09:23:42.327  INFO 14464 --- [main] o.s.b.w.embedded.tomcat.TomcatWebServer  : Tomcat started on port(s): 8080 (http) with context path ''
2020-06-08 09:23:42.334  INFO 14464 --- [main] com.example.demo.DemoApplication         : Started DemoApplication in 1.169 seconds (JVM running for 2.214)
2020-06-08 09:23:46.655  INFO 14464 --- [http-nio-8080-exec-1] o.a.c.c.C.[Tomcat].[localhost].[/]       : Initializing Spring DispatcherServlet 'dispatcherServlet'
2020-06-08 09:23:46.655  INFO 14464 --- [http-nio-8080-exec-1] o.s.web.servlet.DispatcherServlet        : Initializing Servlet 'dispatcherServlet'
2020-06-08 09:23:46.659  INFO 14464 --- [http-nio-8080-exec-1] o.s.web.servlet.DispatcherServlet        : Completed initialization in 4 ms
2020-06-08 09:23:46.672  INFO 14464 --- [http-nio-8080-exec-1] o.s.s.concurrent.ThreadPoolTaskExecutor  : Initializing ExecutorService
2020-06-08 09:38:16.035  INFO 17044 --- [main] com.example.demo.DemoApplicationTests    : Starting DemoApplicationTests on DESKTOP-5PPEK6U with PID 17044 (started by long_tao in E:\1.IDEA\Workspace\spring-boot-hello)
2020-06-08 09:38:16.036  INFO 17044 --- [main] com.example.demo.DemoApplicationTests    : No active profile set, falling back to default profiles: default
2020-06-08 09:38:16.525  INFO 17044 --- [main] trationDelegate$BeanPostProcessorChecker : Bean 'threadConfig' of type [com.example.demo.threadConfig.ThreadConfig$$EnhancerBySpringCGLIB$$252f4118] is not eligible for getting processed by all BeanPostProcessors (for example: not eligible for auto-proxying)
2020-06-08 09:38:16.936  INFO 17044 --- [main] o.s.s.concurrent.ThreadPoolTaskExecutor  : Initializing ExecutorService 'applicationTaskExecutor'
2020-06-08 09:38:17.161  INFO 17044 --- [main] com.example.demo.DemoApplicationTests    : Started DemoApplicationTests in 1.352 seconds (JVM running for 2.151)
2020-06-08 09:38:17.403  INFO 17044 --- [SpringContextShutdownHook] o.s.s.concurrent.ThreadPoolTaskExecutor  : Shutting down ExecutorService 'applicationTaskExecutor'
2020-06-08 09:38:52.622  INFO 19536 --- [main] com.example.demo.DemoApplicationTests    : Starting DemoApplicationTests on DESKTOP-5PPEK6U with PID 19536 (started by long_tao in E:\1.IDEA\Workspace\spring-boot-hello)
2020-06-08 09:38:52.623  INFO 19536 --- [main] com.example.demo.DemoApplicationTests    : No active profile set, falling back to default profiles: default
2020-06-08 09:38:53.122  INFO 19536 --- [main] trationDelegate$BeanPostProcessorChecker : Bean 'threadConfig' of type [com.example.demo.threadConfig.ThreadConfig$$EnhancerBySpringCGLIB$$252f4118] is not eligible for getting processed by all BeanPostProcessors (for example: not eligible for auto-proxying)
2020-06-08 09:38:53.555  INFO 19536 --- [main] o.s.s.concurrent.ThreadPoolTaskExecutor  : Initializing ExecutorService 'applicationTaskExecutor'
2020-06-08 09:38:53.778  INFO 19536 --- [main] com.example.demo.DemoApplicationTests    : Started DemoApplicationTests in 1.362 seconds (JVM running for 2.126)
2020-06-08 09:38:53.948  INFO 19536 --- [SpringContextShutdownHook] o.s.s.concurrent.ThreadPoolTaskExecutor  : Shutting down ExecutorService 'applicationTaskExecutor'
