2021-03-12 15:59:50.497  INFO 38184 --- [main] com.example.demo.DemoApplication         : Starting DemoApplication on DESKTOP-5PPEK6U with PID 38184 (E:\1.IDEA\Workspace\spring-boot-hello\target\classes started by long_tao in E:\1.IDEA\Workspace\spring-boot-hello)
2021-03-12 15:59:50.517  INFO 38184 --- [main] com.example.demo.DemoApplication         : The following profiles are active: dev
2021-03-12 15:59:51.612  INFO 38184 --- [main] .s.d.r.c.RepositoryConfigurationDelegate : Multiple Spring Data modules found, entering strict repository configuration mode!
2021-03-12 15:59:51.616  INFO 38184 --- [main] .s.d.r.c.RepositoryConfigurationDelegate : Bootstrapping Spring Data Redis repositories in DEFAULT mode.
2021-03-12 15:59:51.678  INFO 38184 --- [main] .s.d.r.c.RepositoryConfigurationDelegate : Finished Spring Data repository scanning in 41ms. Found 0 Redis repository interfaces.
2021-03-12 15:59:51.806  WARN 38184 --- [main] o.m.s.mapper.ClassPathMapperScanner      : Skipping MapperFactoryBean with name 'bookChargeDao' and 'com.example.demo.executer.bookCharge.dao.BookChargeDao' mapperInterface. Bean already defined with the same name!
2021-03-12 15:59:51.806  WARN 38184 --- [main] o.m.s.mapper.ClassPathMapperScanner      : Skipping MapperFactoryBean with name 'bookInfoDao' and 'com.example.demo.executer.bookInfo.dao.BookInfoDao' mapperInterface. Bean already defined with the same name!
2021-03-12 15:59:51.806  WARN 38184 --- [main] o.m.s.mapper.ClassPathMapperScanner      : Skipping MapperFactoryBean with name 'borrowBookDao' and 'com.example.demo.executer.borrowBoook.dao.BorrowBookDao' mapperInterface. Bean already defined with the same name!
2021-03-12 15:59:51.806  WARN 38184 --- [main] o.m.s.mapper.ClassPathMapperScanner      : Skipping MapperFactoryBean with name 'topologyDao' and 'com.example.demo.executer.deviceTopDemo.dao.TopologyDao' mapperInterface. Bean already defined with the same name!
2021-03-12 15:59:51.806  WARN 38184 --- [main] o.m.s.mapper.ClassPathMapperScanner      : Skipping MapperFactoryBean with name 'loseBookDao' and 'com.example.demo.executer.loseBook.dao.LoseBookDao' mapperInterface. Bean already defined with the same name!
2021-03-12 15:59:51.806  WARN 38184 --- [main] o.m.s.mapper.ClassPathMapperScanner      : Skipping MapperFactoryBean with name 'readerBlackListDao' and 'com.example.demo.executer.readerBlackList.dao.ReaderBlackListDao' mapperInterface. Bean already defined with the same name!
2021-03-12 15:59:51.806  WARN 38184 --- [main] o.m.s.mapper.ClassPathMapperScanner      : Skipping MapperFactoryBean with name 'readerCardInfoDao' and 'com.example.demo.executer.readerCardInfo.dao.ReaderCardInfoDao' mapperInterface. Bean already defined with the same name!
2021-03-12 15:59:51.806  WARN 38184 --- [main] o.m.s.mapper.ClassPathMapperScanner      : Skipping MapperFactoryBean with name 'readerInfoDao' and 'com.example.demo.executer.readerInfo.dao.ReaderInfoDao' mapperInterface. Bean already defined with the same name!
2021-03-12 15:59:51.826  WARN 38184 --- [main] o.m.s.mapper.ClassPathMapperScanner      : No MyBatis mapper was found in '[com.example.demo.**.dao, com.example.demo.**.**.mapper]' package. Please check your configuration.
2021-03-12 15:59:53.071  INFO 38184 --- [main] o.s.b.w.embedded.tomcat.TomcatWebServer  : Tomcat initialized with port(s): 8701 (http)
2021-03-12 15:59:53.081  INFO 38184 --- [main] o.apache.catalina.core.StandardService   : Starting service [Tomcat]
2021-03-12 15:59:53.081  INFO 38184 --- [main] org.apache.catalina.core.StandardEngine  : Starting Servlet engine: [Apache Tomcat/9.0.35]
2021-03-12 15:59:53.268  INFO 38184 --- [main] o.a.c.c.C.[Tomcat].[localhost].[/]       : Initializing Spring embedded WebApplicationContext
2021-03-12 15:59:53.269  INFO 38184 --- [main] o.s.web.context.ContextLoader            : Root WebApplicationContext: initialization completed in 2463 ms
2021-03-12 15:59:55.042  WARN 38184 --- [main] c.b.m.core.injector.AbstractMethod       : [com.example.demo.executer.bookCharge.dao.BookChargeDao.selectOne] Has been loaded by XML or SqlProvider or Mybatis's Annotation, so ignoring this injection for [class com.baomidou.mybatisplus.core.injector.methods.SelectOne]
2021-03-12 15:59:55.107  WARN 38184 --- [main] c.b.m.core.injector.AbstractMethod       : [com.example.demo.executer.borrowBoook.dao.BorrowBookDao.selectOne] Has been loaded by XML or SqlProvider or Mybatis's Annotation, so ignoring this injection for [class com.baomidou.mybatisplus.core.injector.methods.SelectOne]
2021-03-12 15:59:55.130  WARN 38184 --- [main] c.b.m.core.injector.AbstractMethod       : [com.example.demo.executer.loseBook.dao.LoseBookDao.selectOne] Has been loaded by XML or SqlProvider or Mybatis's Annotation, so ignoring this injection for [class com.baomidou.mybatisplus.core.injector.methods.SelectOne]
2021-03-12 15:59:55.150  WARN 38184 --- [main] c.b.m.core.injector.AbstractMethod       : [com.example.demo.executer.readerBlackList.dao.ReaderBlackListDao.selectOne] Has been loaded by XML or SqlProvider or Mybatis's Annotation, so ignoring this injection for [class com.baomidou.mybatisplus.core.injector.methods.SelectOne]
2021-03-12 15:59:55.170  WARN 38184 --- [main] c.b.m.core.injector.AbstractMethod       : [com.example.demo.executer.readerCardInfo.dao.ReaderCardInfoDao.selectOne] Has been loaded by XML or SqlProvider or Mybatis's Annotation, so ignoring this injection for [class com.baomidou.mybatisplus.core.injector.methods.SelectOne]
2021-03-12 15:59:55.191  WARN 38184 --- [main] c.b.m.core.injector.AbstractMethod       : [com.example.demo.executer.readerInfo.dao.ReaderInfoDao.selectOne] Has been loaded by XML or SqlProvider or Mybatis's Annotation, so ignoring this injection for [class com.baomidou.mybatisplus.core.injector.methods.SelectOne]
2021-03-12 15:59:58.960  INFO 38184 --- [main] o.s.s.c.ThreadPoolTaskScheduler          : Initializing ExecutorService 'defaultSockJsTaskScheduler'
2021-03-12 16:00:01.991  INFO 38184 --- [main] o.s.b.w.embedded.tomcat.TomcatWebServer  : Tomcat started on port(s): 8701 (http) with context path ''
2021-03-12 16:00:02.002  INFO 38184 --- [main] com.example.demo.DemoApplication         : Started DemoApplication in 12.092 seconds (JVM running for 14.44)
2021-03-12 16:03:13.418  INFO 38184 --- [http-nio-8701-exec-2] o.a.c.c.C.[Tomcat].[localhost].[/]       : Initializing Spring DispatcherServlet 'dispatcherServlet'
2021-03-12 16:03:13.419  INFO 38184 --- [http-nio-8701-exec-2] o.s.web.servlet.DispatcherServlet        : Initializing Servlet 'dispatcherServlet'
2021-03-12 16:03:13.472  INFO 38184 --- [http-nio-8701-exec-2] o.s.web.servlet.DispatcherServlet        : Completed initialization in 53 ms
2021-03-12 16:03:13.482  INFO 38184 --- [http-nio-8701-exec-2] c.e.demo.base.filter.LoginInterceptor    : LoginInterceptor preHandle 开始拦截.........
2021-03-12 16:03:13.482  INFO 38184 --- [http-nio-8701-exec-2] c.e.demo.base.filter.LoginInterceptor    : appId = null
2021-03-12 16:03:13.583 DEBUG 38184 --- [http-nio-8701-exec-2] c.e.d.base.aspect.BaseAroundAspection    : ----------------------------------------------------------------------------------------------------start
2021-03-12 16:03:13.584  INFO 38184 --- [http-nio-8701-exec-2] c.e.d.base.aspect.BaseAroundAspection    : ------BaseBeforeAspect---获取到请求参数------
2021-03-12 16:03:13.585 DEBUG 38184 --- [http-nio-8701-exec-2] c.e.d.base.aspect.BaseAroundAspection    : ---入口方法:com.example.demo.executer.readerInfo.controller.ReaderInfoController
2021-03-12 16:03:13.586 DEBUG 38184 --- [http-nio-8701-exec-2] c.e.d.base.aspect.BaseAroundAspection    : ---请求方法:getPageList
2021-03-12 16:03:13.692 DEBUG 38184 --- [http-nio-8701-exec-2] c.e.d.base.aspect.BaseAroundAspection    : ---请求参数:{"pageNo":1,"pageSize":10}
2021-03-12 16:03:13.693 DEBUG 38184 --- [http-nio-8701-exec-2] c.e.d.base.aspect.BaseAroundAspection    : ------开始执行请求方法:getPageList
2021-03-12 16:03:13.762  INFO 38184 --- [http-nio-8701-exec-2] com.zaxxer.hikari.HikariDataSource       : HikariPool-1 - Starting...
2021-03-12 16:03:15.534  INFO 38184 --- [http-nio-8701-exec-2] com.zaxxer.hikari.HikariDataSource       : HikariPool-1 - Start completed.
2021-03-12 16:03:15.583 DEBUG 38184 --- [http-nio-8701-exec-2] c.e.d.e.r.d.R.selectList_COUNT           : ==>  Preparing: SELECT count(0) FROM t_reader_info WHERE is_del = 0 
2021-03-12 16:03:15.606 DEBUG 38184 --- [http-nio-8701-exec-2] c.e.d.e.r.d.R.selectList_COUNT           : ==> Parameters: 
2021-03-12 16:03:15.631 DEBUG 38184 --- [http-nio-8701-exec-2] c.e.d.e.r.d.R.selectList_COUNT           : <==      Total: 1
2021-03-12 16:03:15.633 DEBUG 38184 --- [http-nio-8701-exec-2] c.e.d.e.r.dao.ReaderInfoDao.selectList   : ==>  Preparing: SELECT id,register_date,card_id,reader_name,reader_phone,reader_card_type,reader_card_no,borrow_max_times,borrow_usable_times,is_del,create_time,update_time FROM t_reader_info WHERE is_del=0 LIMIT ? 
2021-03-12 16:03:15.634 DEBUG 38184 --- [http-nio-8701-exec-2] c.e.d.e.r.dao.ReaderInfoDao.selectList   : ==> Parameters: 10(Integer)
2021-03-12 16:03:15.644 DEBUG 38184 --- [http-nio-8701-exec-2] c.e.d.e.r.dao.ReaderInfoDao.selectList   : <==      Total: 4
2021-03-12 16:03:15.647 DEBUG 38184 --- [http-nio-8701-exec-2] c.e.d.base.aspect.BaseAroundAspection    : ---请求方法:getPageList---执行时间:1954
2021-03-12 16:03:15.650 DEBUG 38184 --- [http-nio-8701-exec-2] c.e.d.base.aspect.BaseAroundAspection    : ---返回参数:{"code":"000000","count":4,"data":[{"borrowMaxTimes":20,"borrowUsableTimes":20,"cardId":"202010211554151000043","createTime":1608649950000,"id":"1341280432649441281","isDel":0,"readerCardNo":"512529185212245896","readerCardType":"card","readerName":"王五","readerPhone":"15878789636","registerDate":1608566400000,"updateTime":1608650243000},{"borrowMaxTimes":20,"borrowUsableTimes":20,"cardId":"202010211554221000048","createTime":1603447231000,"id":"202010231000311000058","isDel":0,"readerCardNo":"511523199308126685","readerCardType":"card","readerName":"张三","readerPhone":"15196637832","registerDate":1603296000000,"updateTime":1603449960000},{"borrowMaxTimes":20,"borrowUsableTimes":20,"cardId":"202010211554221000049","createTime":1603447603000,"id":"202010231006431000059","isDel":0,"readerCardNo":"511523199507075652","readerCardType":"card","readerName":"李四","readerPhone":"13879112458","registerDate":1603382400000,"updateTime":1603447668000},{"borrowMaxTimes":20,"borrowUsableTimes":19,"cardId":"202010211554211000045","createTime":1603447629000,"id":"202010231007091000060","isDel":0,"readerCardNo":"511523199510152127","readerCardType":"card","readerName":"何敏","readerPhone":"15828451219","registerDate":1603382400000,"updateTime":1603905203000}],"msg":"交易成功"}
2021-03-12 16:03:15.650 DEBUG 38184 --- [http-nio-8701-exec-2] c.e.d.base.aspect.BaseAroundAspection    : ----------------------------------------------------------------------------------------------------end
2021-03-12 16:03:15.693  INFO 38184 --- [http-nio-8701-exec-2] c.e.demo.base.filter.LoginInterceptor    : LoginInterceptor postHandle 开始拦截.........
2021-03-12 16:03:15.693  INFO 38184 --- [http-nio-8701-exec-2] c.e.demo.base.filter.LoginInterceptor    : LoginInterceptor afterCompletion 开始拦截.........
2021-03-12 16:04:10.618  INFO 38184 --- [http-nio-8701-exec-3] c.e.demo.base.filter.LoginInterceptor    : LoginInterceptor preHandle 开始拦截.........
2021-03-12 16:04:10.618  INFO 38184 --- [http-nio-8701-exec-3] c.e.demo.base.filter.LoginInterceptor    : appId = null
2021-03-12 16:04:10.619 DEBUG 38184 --- [http-nio-8701-exec-3] c.e.d.base.aspect.BaseAroundAspection    : ----------------------------------------------------------------------------------------------------start
2021-03-12 16:04:10.620  INFO 38184 --- [http-nio-8701-exec-3] c.e.d.base.aspect.BaseAroundAspection    : ------BaseBeforeAspect---获取到请求参数------
2021-03-12 16:04:10.620 DEBUG 38184 --- [http-nio-8701-exec-3] c.e.d.base.aspect.BaseAroundAspection    : ---入口方法:com.example.demo.executer.readerInfo.controller.ReaderInfoController
2021-03-12 16:04:10.620 DEBUG 38184 --- [http-nio-8701-exec-3] c.e.d.base.aspect.BaseAroundAspection    : ---请求方法:getPageList
2021-03-12 16:04:10.620 DEBUG 38184 --- [http-nio-8701-exec-3] c.e.d.base.aspect.BaseAroundAspection    : ---请求参数:{"pageNo":2,"pageSize":2}
2021-03-12 16:04:10.620 DEBUG 38184 --- [http-nio-8701-exec-3] c.e.d.base.aspect.BaseAroundAspection    : ------开始执行请求方法:getPageList
2021-03-12 16:04:10.623 DEBUG 38184 --- [http-nio-8701-exec-3] c.e.d.e.r.d.R.selectList_COUNT           : ==>  Preparing: SELECT count(0) FROM t_reader_info WHERE is_del = 0 
2021-03-12 16:04:10.624 DEBUG 38184 --- [http-nio-8701-exec-3] c.e.d.e.r.d.R.selectList_COUNT           : ==> Parameters: 
2021-03-12 16:04:10.625 DEBUG 38184 --- [http-nio-8701-exec-3] c.e.d.e.r.d.R.selectList_COUNT           : <==      Total: 1
2021-03-12 16:04:10.627 DEBUG 38184 --- [http-nio-8701-exec-3] c.e.d.e.r.dao.ReaderInfoDao.selectList   : ==>  Preparing: SELECT id,register_date,card_id,reader_name,reader_phone,reader_card_type,reader_card_no,borrow_max_times,borrow_usable_times,is_del,create_time,update_time FROM t_reader_info WHERE is_del=0 LIMIT ?, ? 
2021-03-12 16:04:10.627 DEBUG 38184 --- [http-nio-8701-exec-3] c.e.d.e.r.dao.ReaderInfoDao.selectList   : ==> Parameters: 2(Integer), 2(Integer)
2021-03-12 16:04:10.631 DEBUG 38184 --- [http-nio-8701-exec-3] c.e.d.e.r.dao.ReaderInfoDao.selectList   : <==      Total: 2
2021-03-12 16:04:10.631 DEBUG 38184 --- [http-nio-8701-exec-3] c.e.d.base.aspect.BaseAroundAspection    : ---请求方法:getPageList---执行时间:11
2021-03-12 16:04:10.631 DEBUG 38184 --- [http-nio-8701-exec-3] c.e.d.base.aspect.BaseAroundAspection    : ---返回参数:{"code":"000000","count":4,"data":[{"borrowMaxTimes":20,"borrowUsableTimes":20,"cardId":"202010211554221000049","createTime":1603447603000,"id":"202010231006431000059","isDel":0,"readerCardNo":"511523199507075652","readerCardType":"card","readerName":"李四","readerPhone":"13879112458","registerDate":1603382400000,"updateTime":1603447668000},{"borrowMaxTimes":20,"borrowUsableTimes":19,"cardId":"202010211554211000045","createTime":1603447629000,"id":"202010231007091000060","isDel":0,"readerCardNo":"511523199510152127","readerCardType":"card","readerName":"何敏","readerPhone":"15828451219","registerDate":1603382400000,"updateTime":1603905203000}],"msg":"交易成功"}
2021-03-12 16:04:10.631 DEBUG 38184 --- [http-nio-8701-exec-3] c.e.d.base.aspect.BaseAroundAspection    : ----------------------------------------------------------------------------------------------------end
2021-03-12 16:04:10.633  INFO 38184 --- [http-nio-8701-exec-3] c.e.demo.base.filter.LoginInterceptor    : LoginInterceptor postHandle 开始拦截.........
2021-03-12 16:04:10.634  INFO 38184 --- [http-nio-8701-exec-3] c.e.demo.base.filter.LoginInterceptor    : LoginInterceptor afterCompletion 开始拦截.........
2021-03-12 16:07:03.032  INFO 38184 --- [SpringContextShutdownHook] o.s.s.c.ThreadPoolTaskScheduler          : Shutting down ExecutorService 'defaultSockJsTaskScheduler'
2021-03-12 16:07:03.033  INFO 38184 --- [SpringContextShutdownHook] com.zaxxer.hikari.HikariDataSource       : HikariPool-1 - Shutdown initiated...
2021-03-12 16:07:03.045  INFO 38184 --- [SpringContextShutdownHook] com.zaxxer.hikari.HikariDataSource       : HikariPool-1 - Shutdown completed.
2021-03-12 16:07:09.620  INFO 55044 --- [main] com.example.demo.DemoApplication         : Starting DemoApplication on DESKTOP-5PPEK6U with PID 55044 (E:\1.IDEA\Workspace\spring-boot-hello\target\classes started by long_tao in E:\1.IDEA\Workspace\spring-boot-hello)
2021-03-12 16:07:09.624  INFO 55044 --- [main] com.example.demo.DemoApplication         : The following profiles are active: dev
2021-03-12 16:07:10.658  INFO 55044 --- [main] .s.d.r.c.RepositoryConfigurationDelegate : Multiple Spring Data modules found, entering strict repository configuration mode!
2021-03-12 16:07:10.660  INFO 55044 --- [main] .s.d.r.c.RepositoryConfigurationDelegate : Bootstrapping Spring Data Redis repositories in DEFAULT mode.
2021-03-12 16:07:10.718  INFO 55044 --- [main] .s.d.r.c.RepositoryConfigurationDelegate : Finished Spring Data repository scanning in 41ms. Found 0 Redis repository interfaces.
2021-03-12 16:07:10.839  WARN 55044 --- [main] o.m.s.mapper.ClassPathMapperScanner      : Skipping MapperFactoryBean with name 'bookChargeDao' and 'com.example.demo.executer.bookCharge.dao.BookChargeDao' mapperInterface. Bean already defined with the same name!
2021-03-12 16:07:10.839  WARN 55044 --- [main] o.m.s.mapper.ClassPathMapperScanner      : Skipping MapperFactoryBean with name 'bookInfoDao' and 'com.example.demo.executer.bookInfo.dao.BookInfoDao' mapperInterface. Bean already defined with the same name!
2021-03-12 16:07:10.839  WARN 55044 --- [main] o.m.s.mapper.ClassPathMapperScanner      : Skipping MapperFactoryBean with name 'borrowBookDao' and 'com.example.demo.executer.borrowBoook.dao.BorrowBookDao' mapperInterface. Bean already defined with the same name!
2021-03-12 16:07:10.839  WARN 55044 --- [main] o.m.s.mapper.ClassPathMapperScanner      : Skipping MapperFactoryBean with name 'topologyDao' and 'com.example.demo.executer.deviceTopDemo.dao.TopologyDao' mapperInterface. Bean already defined with the same name!
2021-03-12 16:07:10.839  WARN 55044 --- [main] o.m.s.mapper.ClassPathMapperScanner      : Skipping MapperFactoryBean with name 'loseBookDao' and 'com.example.demo.executer.loseBook.dao.LoseBookDao' mapperInterface. Bean already defined with the same name!
2021-03-12 16:07:10.839  WARN 55044 --- [main] o.m.s.mapper.ClassPathMapperScanner      : Skipping MapperFactoryBean with name 'readerBlackListDao' and 'com.example.demo.executer.readerBlackList.dao.ReaderBlackListDao' mapperInterface. Bean already defined with the same name!
2021-03-12 16:07:10.839  WARN 55044 --- [main] o.m.s.mapper.ClassPathMapperScanner      : Skipping MapperFactoryBean with name 'readerCardInfoDao' and 'com.example.demo.executer.readerCardInfo.dao.ReaderCardInfoDao' mapperInterface. Bean already defined with the same name!
2021-03-12 16:07:10.840  WARN 55044 --- [main] o.m.s.mapper.ClassPathMapperScanner      : Skipping MapperFactoryBean with name 'readerInfoDao' and 'com.example.demo.executer.readerInfo.dao.ReaderInfoDao' mapperInterface. Bean already defined with the same name!
2021-03-12 16:07:10.867  WARN 55044 --- [main] o.m.s.mapper.ClassPathMapperScanner      : No MyBatis mapper was found in '[com.example.demo.**.dao, com.example.demo.**.**.mapper]' package. Please check your configuration.
2021-03-12 16:07:11.977  INFO 55044 --- [main] o.s.b.w.embedded.tomcat.TomcatWebServer  : Tomcat initialized with port(s): 8701 (http)
2021-03-12 16:07:11.985  INFO 55044 --- [main] o.apache.catalina.core.StandardService   : Starting service [Tomcat]
2021-03-12 16:07:11.985  INFO 55044 --- [main] org.apache.catalina.core.StandardEngine  : Starting Servlet engine: [Apache Tomcat/9.0.35]
2021-03-12 16:07:12.131  INFO 55044 --- [main] o.a.c.c.C.[Tomcat].[localhost].[/]       : Initializing Spring embedded WebApplicationContext
2021-03-12 16:07:12.132  INFO 55044 --- [main] o.s.web.context.ContextLoader            : Root WebApplicationContext: initialization completed in 2235 ms
2021-03-12 16:07:13.800  WARN 55044 --- [main] c.b.m.core.injector.AbstractMethod       : [com.example.demo.executer.bookCharge.dao.BookChargeDao.selectOne] Has been loaded by XML or SqlProvider or Mybatis's Annotation, so ignoring this injection for [class com.baomidou.mybatisplus.core.injector.methods.SelectOne]
2021-03-12 16:07:13.867  WARN 55044 --- [main] c.b.m.core.injector.AbstractMethod       : [com.example.demo.executer.borrowBoook.dao.BorrowBookDao.selectOne] Has been loaded by XML or SqlProvider or Mybatis's Annotation, so ignoring this injection for [class com.baomidou.mybatisplus.core.injector.methods.SelectOne]
2021-03-12 16:07:13.888  WARN 55044 --- [main] c.b.m.core.injector.AbstractMethod       : [com.example.demo.executer.loseBook.dao.LoseBookDao.selectOne] Has been loaded by XML or SqlProvider or Mybatis's Annotation, so ignoring this injection for [class com.baomidou.mybatisplus.core.injector.methods.SelectOne]
2021-03-12 16:07:13.908  WARN 55044 --- [main] c.b.m.core.injector.AbstractMethod       : [com.example.demo.executer.readerBlackList.dao.ReaderBlackListDao.selectOne] Has been loaded by XML or SqlProvider or Mybatis's Annotation, so ignoring this injection for [class com.baomidou.mybatisplus.core.injector.methods.SelectOne]
2021-03-12 16:07:13.930  WARN 55044 --- [main] c.b.m.core.injector.AbstractMethod       : [com.example.demo.executer.readerCardInfo.dao.ReaderCardInfoDao.selectOne] Has been loaded by XML or SqlProvider or Mybatis's Annotation, so ignoring this injection for [class com.baomidou.mybatisplus.core.injector.methods.SelectOne]
2021-03-12 16:07:13.952  WARN 55044 --- [main] c.b.m.core.injector.AbstractMethod       : [com.example.demo.executer.readerInfo.dao.ReaderInfoDao.selectOne] Has been loaded by XML or SqlProvider or Mybatis's Annotation, so ignoring this injection for [class com.baomidou.mybatisplus.core.injector.methods.SelectOne]
2021-03-12 16:07:17.693  INFO 55044 --- [main] o.s.s.c.ThreadPoolTaskScheduler          : Initializing ExecutorService 'defaultSockJsTaskScheduler'
2021-03-12 16:07:20.715  INFO 55044 --- [main] o.s.b.w.embedded.tomcat.TomcatWebServer  : Tomcat started on port(s): 8701 (http) with context path ''
2021-03-12 16:07:20.726  INFO 55044 --- [main] com.example.demo.DemoApplication         : Started DemoApplication in 11.63 seconds (JVM running for 13.893)
2021-03-12 16:07:27.404  INFO 55044 --- [http-nio-8701-exec-1] o.a.c.c.C.[Tomcat].[localhost].[/]       : Initializing Spring DispatcherServlet 'dispatcherServlet'
2021-03-12 16:07:27.404  INFO 55044 --- [http-nio-8701-exec-1] o.s.web.servlet.DispatcherServlet        : Initializing Servlet 'dispatcherServlet'
2021-03-12 16:07:27.446  INFO 55044 --- [http-nio-8701-exec-1] o.s.web.servlet.DispatcherServlet        : Completed initialization in 42 ms
2021-03-12 16:07:27.459  INFO 55044 --- [http-nio-8701-exec-1] c.e.demo.base.filter.LoginInterceptor    : LoginInterceptor preHandle 开始拦截.........
2021-03-12 16:07:27.460  INFO 55044 --- [http-nio-8701-exec-1] c.e.demo.base.filter.LoginInterceptor    : appId = null
2021-03-12 16:07:27.544 DEBUG 55044 --- [http-nio-8701-exec-1] c.e.d.base.aspect.BaseAroundAspection    : ----------------------------------------------------------------------------------------------------start
2021-03-12 16:07:27.544  INFO 55044 --- [http-nio-8701-exec-1] c.e.d.base.aspect.BaseAroundAspection    : ------BaseBeforeAspect---获取到请求参数------
2021-03-12 16:07:27.545 DEBUG 55044 --- [http-nio-8701-exec-1] c.e.d.base.aspect.BaseAroundAspection    : ---入口方法:com.example.demo.executer.readerInfo.controller.ReaderInfoController
2021-03-12 16:07:27.546 DEBUG 55044 --- [http-nio-8701-exec-1] c.e.d.base.aspect.BaseAroundAspection    : ---请求方法:getPageList
2021-03-12 16:07:27.625 DEBUG 55044 --- [http-nio-8701-exec-1] c.e.d.base.aspect.BaseAroundAspection    : ---请求参数:{"pageNo":2,"pageSize":2,"readerCardType":"card"}
2021-03-12 16:07:27.625 DEBUG 55044 --- [http-nio-8701-exec-1] c.e.d.base.aspect.BaseAroundAspection    : ------开始执行请求方法:getPageList
2021-03-12 16:07:27.741  INFO 55044 --- [http-nio-8701-exec-1] com.zaxxer.hikari.HikariDataSource       : HikariPool-1 - Starting...
2021-03-12 16:07:29.461  INFO 55044 --- [http-nio-8701-exec-1] com.zaxxer.hikari.HikariDataSource       : HikariPool-1 - Start completed.
2021-03-12 16:07:29.508 DEBUG 55044 --- [http-nio-8701-exec-1] c.e.d.e.r.d.R.selectList_COUNT           : ==>  Preparing: SELECT count(0) FROM t_reader_info WHERE is_del = 0 AND (reader_card_type = ?) 
2021-03-12 16:07:29.532 DEBUG 55044 --- [http-nio-8701-exec-1] c.e.d.e.r.d.R.selectList_COUNT           : ==> Parameters: card(String)
2021-03-12 16:07:29.553 DEBUG 55044 --- [http-nio-8701-exec-1] c.e.d.e.r.d.R.selectList_COUNT           : <==      Total: 1
2021-03-12 16:07:29.556 DEBUG 55044 --- [http-nio-8701-exec-1] c.e.d.e.r.dao.ReaderInfoDao.selectList   : ==>  Preparing: SELECT id,register_date,card_id,reader_name,reader_phone,reader_card_type,reader_card_no,borrow_max_times,borrow_usable_times,is_del,create_time,update_time FROM t_reader_info WHERE is_del=0 AND (reader_card_type = ?) ORDER BY create_time DESC LIMIT ?, ? 
2021-03-12 16:07:29.557 DEBUG 55044 --- [http-nio-8701-exec-1] c.e.d.e.r.dao.ReaderInfoDao.selectList   : ==> Parameters: card(String), 2(Integer), 2(Integer)
2021-03-12 16:07:29.561 DEBUG 55044 --- [http-nio-8701-exec-1] c.e.d.e.r.dao.ReaderInfoDao.selectList   : <==      Total: 2
2021-03-12 16:07:29.565 DEBUG 55044 --- [http-nio-8701-exec-1] c.e.d.base.aspect.BaseAroundAspection    : ---请求方法:getPageList---执行时间:1940
2021-03-12 16:07:29.570 DEBUG 55044 --- [http-nio-8701-exec-1] c.e.d.base.aspect.BaseAroundAspection    : ---返回参数:{"code":"000000","count":4,"data":[{"borrowMaxTimes":20,"borrowUsableTimes":20,"cardId":"202010211554221000049","createTime":1603447603000,"id":"202010231006431000059","isDel":0,"readerCardNo":"511523199507075652","readerCardType":"card","readerName":"李四","readerPhone":"13879112458","registerDate":1603382400000,"updateTime":1603447668000},{"borrowMaxTimes":20,"borrowUsableTimes":20,"cardId":"202010211554221000048","createTime":1603447231000,"id":"202010231000311000058","isDel":0,"readerCardNo":"511523199308126685","readerCardType":"card","readerName":"张三","readerPhone":"15196637832","registerDate":1603296000000,"updateTime":1603449960000}],"msg":"交易成功"}
2021-03-12 16:07:29.570 DEBUG 55044 --- [http-nio-8701-exec-1] c.e.d.base.aspect.BaseAroundAspection    : ----------------------------------------------------------------------------------------------------end
2021-03-12 16:07:29.615  INFO 55044 --- [http-nio-8701-exec-1] c.e.demo.base.filter.LoginInterceptor    : LoginInterceptor postHandle 开始拦截.........
2021-03-12 16:07:29.615  INFO 55044 --- [http-nio-8701-exec-1] c.e.demo.base.filter.LoginInterceptor    : LoginInterceptor afterCompletion 开始拦截.........
2021-03-12 16:07:56.865  INFO 55044 --- [http-nio-8701-exec-3] c.e.demo.base.filter.LoginInterceptor    : LoginInterceptor preHandle 开始拦截.........
2021-03-12 16:07:56.866  INFO 55044 --- [http-nio-8701-exec-3] c.e.demo.base.filter.LoginInterceptor    : appId = null
2021-03-12 16:07:56.867 DEBUG 55044 --- [http-nio-8701-exec-3] c.e.d.base.aspect.BaseAroundAspection    : ----------------------------------------------------------------------------------------------------start
2021-03-12 16:07:56.867  INFO 55044 --- [http-nio-8701-exec-3] c.e.d.base.aspect.BaseAroundAspection    : ------BaseBeforeAspect---获取到请求参数------
2021-03-12 16:07:56.867 DEBUG 55044 --- [http-nio-8701-exec-3] c.e.d.base.aspect.BaseAroundAspection    : ---入口方法:com.example.demo.executer.readerInfo.controller.ReaderInfoController
2021-03-12 16:07:56.867 DEBUG 55044 --- [http-nio-8701-exec-3] c.e.d.base.aspect.BaseAroundAspection    : ---请求方法:getPageList
2021-03-12 16:07:56.867 DEBUG 55044 --- [http-nio-8701-exec-3] c.e.d.base.aspect.BaseAroundAspection    : ---请求参数:{"pageNo":2,"pageSize":2,"readerCardType":"card"}
2021-03-12 16:07:56.867 DEBUG 55044 --- [http-nio-8701-exec-3] c.e.d.base.aspect.BaseAroundAspection    : ------开始执行请求方法:getPageList
2021-03-12 16:07:56.873 DEBUG 55044 --- [http-nio-8701-exec-3] c.e.d.e.r.d.R.selectList_COUNT           : ==>  Preparing: SELECT count(0) FROM t_reader_info WHERE is_del = 0 AND (reader_card_type = ?) 
2021-03-12 16:07:56.873 DEBUG 55044 --- [http-nio-8701-exec-3] c.e.d.e.r.d.R.selectList_COUNT           : ==> Parameters: card(String)
2021-03-12 16:07:56.875 DEBUG 55044 --- [http-nio-8701-exec-3] c.e.d.e.r.d.R.selectList_COUNT           : <==      Total: 1
2021-03-12 16:07:56.876 DEBUG 55044 --- [http-nio-8701-exec-3] c.e.d.e.r.dao.ReaderInfoDao.selectList   : ==>  Preparing: SELECT id,register_date,card_id,reader_name,reader_phone,reader_card_type,reader_card_no,borrow_max_times,borrow_usable_times,is_del,create_time,update_time FROM t_reader_info WHERE is_del=0 AND (reader_card_type = ?) ORDER BY create_time DESC LIMIT ?, ? 
2021-03-12 16:07:56.877 DEBUG 55044 --- [http-nio-8701-exec-3] c.e.d.e.r.dao.ReaderInfoDao.selectList   : ==> Parameters: card(String), 2(Integer), 2(Integer)
2021-03-12 16:07:56.881 DEBUG 55044 --- [http-nio-8701-exec-3] c.e.d.e.r.dao.ReaderInfoDao.selectList   : <==      Total: 2
2021-03-12 16:07:56.881 DEBUG 55044 --- [http-nio-8701-exec-3] c.e.d.base.aspect.BaseAroundAspection    : ---请求方法:getPageList---执行时间:14
2021-03-12 16:07:56.882 DEBUG 55044 --- [http-nio-8701-exec-3] c.e.d.base.aspect.BaseAroundAspection    : ---返回参数:{"code":"000000","count":4,"data":[{"borrowMaxTimes":20,"borrowUsableTimes":20,"cardId":"202010211554221000049","createTime":1603447603000,"id":"202010231006431000059","isDel":0,"readerCardNo":"511523199507075652","readerCardType":"card","readerName":"李四","readerPhone":"13879112458","registerDate":1603382400000,"updateTime":1603447668000},{"borrowMaxTimes":20,"borrowUsableTimes":20,"cardId":"202010211554221000048","createTime":1603447231000,"id":"202010231000311000058","isDel":0,"readerCardNo":"511523199308126685","readerCardType":"card","readerName":"张三","readerPhone":"15196637832","registerDate":1603296000000,"updateTime":1603449960000}],"msg":"交易成功"}
2021-03-12 16:07:56.882 DEBUG 55044 --- [http-nio-8701-exec-3] c.e.d.base.aspect.BaseAroundAspection    : ----------------------------------------------------------------------------------------------------end
2021-03-12 16:07:56.883  INFO 55044 --- [http-nio-8701-exec-3] c.e.demo.base.filter.LoginInterceptor    : LoginInterceptor postHandle 开始拦截.........
2021-03-12 16:07:56.883  INFO 55044 --- [http-nio-8701-exec-3] c.e.demo.base.filter.LoginInterceptor    : LoginInterceptor afterCompletion 开始拦截.........
2021-03-12 16:55:16.545  INFO 55044 --- [http-nio-8701-exec-6] c.e.demo.base.filter.LoginInterceptor    : LoginInterceptor preHandle 开始拦截.........
2021-03-12 16:55:16.549  INFO 55044 --- [http-nio-8701-exec-6] c.e.demo.base.filter.LoginInterceptor    : appId = null
2021-03-12 16:55:16.563 DEBUG 55044 --- [http-nio-8701-exec-6] c.e.d.base.aspect.BaseAroundAspection    : ----------------------------------------------------------------------------------------------------start
2021-03-12 16:55:16.564  INFO 55044 --- [http-nio-8701-exec-6] c.e.d.base.aspect.BaseAroundAspection    : ------BaseBeforeAspect---获取到请求参数------
2021-03-12 16:55:16.564 DEBUG 55044 --- [http-nio-8701-exec-6] c.e.d.base.aspect.BaseAroundAspection    : ---入口方法:com.example.demo.executer.readerInfo.controller.ReaderInfoController
2021-03-12 16:55:16.564 DEBUG 55044 --- [http-nio-8701-exec-6] c.e.d.base.aspect.BaseAroundAspection    : ---请求方法:getPageList
2021-03-12 16:55:16.566 DEBUG 55044 --- [http-nio-8701-exec-6] c.e.d.base.aspect.BaseAroundAspection    : ---请求参数:{"readerCardType":"card"}
2021-03-12 16:55:16.566 DEBUG 55044 --- [http-nio-8701-exec-6] c.e.d.base.aspect.BaseAroundAspection    : ------开始执行请求方法:getPageList
2021-03-12 16:55:16.606 DEBUG 55044 --- [http-nio-8701-exec-6] c.e.d.e.r.dao.ReaderInfoDao.selectList   : ==>  Preparing: SELECT id,register_date,card_id,reader_name,reader_phone,reader_card_type,reader_card_no,borrow_max_times,borrow_usable_times,is_del,create_time,update_time FROM t_reader_info WHERE is_del=0 AND (reader_card_type = ?) ORDER BY create_time DESC 
2021-03-12 16:55:16.611 DEBUG 55044 --- [http-nio-8701-exec-6] c.e.d.e.r.dao.ReaderInfoDao.selectList   : ==> Parameters: card(String)
2021-03-12 16:55:16.637 DEBUG 55044 --- [http-nio-8701-exec-6] c.e.d.e.r.dao.ReaderInfoDao.selectList   : <==      Total: 4
2021-03-12 16:55:16.639 DEBUG 55044 --- [http-nio-8701-exec-6] c.e.d.base.aspect.BaseAroundAspection    : ---请求方法:getPageList---执行时间:73
2021-03-12 16:55:16.641 DEBUG 55044 --- [http-nio-8701-exec-6] c.e.d.base.aspect.BaseAroundAspection    : ---返回参数:{"code":"000000","count":4,"data":[{"borrowMaxTimes":20,"borrowUsableTimes":20,"cardId":"202010211554151000043","createTime":1608649950000,"id":"1341280432649441281","isDel":0,"readerCardNo":"512529185212245896","readerCardType":"card","readerName":"王五","readerPhone":"15878789636","registerDate":1608566400000,"updateTime":1608650243000},{"borrowMaxTimes":20,"borrowUsableTimes":19,"cardId":"202010211554211000045","createTime":1603447629000,"id":"202010231007091000060","isDel":0,"readerCardNo":"511523199510152127","readerCardType":"card","readerName":"何敏","readerPhone":"15828451219","registerDate":1603382400000,"updateTime":1603905203000},{"borrowMaxTimes":20,"borrowUsableTimes":20,"cardId":"202010211554221000049","createTime":1603447603000,"id":"202010231006431000059","isDel":0,"readerCardNo":"511523199507075652","readerCardType":"card","readerName":"李四","readerPhone":"13879112458","registerDate":1603382400000,"updateTime":1603447668000},{"borrowMaxTimes":20,"borrowUsableTimes":20,"cardId":"202010211554221000048","createTime":1603447231000,"id":"202010231000311000058","isDel":0,"readerCardNo":"511523199308126685","readerCardType":"card","readerName":"张三","readerPhone":"15196637832","registerDate":1603296000000,"updateTime":1603449960000}],"msg":"交易成功"}
2021-03-12 16:55:16.641 DEBUG 55044 --- [http-nio-8701-exec-6] c.e.d.base.aspect.BaseAroundAspection    : ----------------------------------------------------------------------------------------------------end
2021-03-12 16:55:16.661  INFO 55044 --- [http-nio-8701-exec-6] c.e.demo.base.filter.LoginInterceptor    : LoginInterceptor postHandle 开始拦截.........
2021-03-12 16:55:16.662  INFO 55044 --- [http-nio-8701-exec-6] c.e.demo.base.filter.LoginInterceptor    : LoginInterceptor afterCompletion 开始拦截.........
2021-03-12 16:55:28.799  INFO 55044 --- [http-nio-8701-exec-7] c.e.demo.base.filter.LoginInterceptor    : LoginInterceptor preHandle 开始拦截.........
2021-03-12 16:55:28.799  INFO 55044 --- [http-nio-8701-exec-7] c.e.demo.base.filter.LoginInterceptor    : appId = null
2021-03-12 16:55:28.800 DEBUG 55044 --- [http-nio-8701-exec-7] c.e.d.base.aspect.BaseAroundAspection    : ----------------------------------------------------------------------------------------------------start
2021-03-12 16:55:28.800  INFO 55044 --- [http-nio-8701-exec-7] c.e.d.base.aspect.BaseAroundAspection    : ------BaseBeforeAspect---获取到请求参数------
2021-03-12 16:55:28.800 DEBUG 55044 --- [http-nio-8701-exec-7] c.e.d.base.aspect.BaseAroundAspection    : ---入口方法:com.example.demo.executer.readerInfo.controller.ReaderInfoController
2021-03-12 16:55:28.800 DEBUG 55044 --- [http-nio-8701-exec-7] c.e.d.base.aspect.BaseAroundAspection    : ---请求方法:getPageList
2021-03-12 16:55:28.801 DEBUG 55044 --- [http-nio-8701-exec-7] c.e.d.base.aspect.BaseAroundAspection    : ---请求参数:{"readerCardType":"card"}
2021-03-12 16:55:28.801 DEBUG 55044 --- [http-nio-8701-exec-7] c.e.d.base.aspect.BaseAroundAspection    : ------开始执行请求方法:getPageList
2021-03-12 16:55:28.805 DEBUG 55044 --- [http-nio-8701-exec-7] c.e.d.e.r.dao.ReaderInfoDao.selectList   : ==>  Preparing: SELECT id,register_date,card_id,reader_name,reader_phone,reader_card_type,reader_card_no,borrow_max_times,borrow_usable_times,is_del,create_time,update_time FROM t_reader_info WHERE is_del=0 AND (reader_card_type = ?) ORDER BY create_time DESC 
2021-03-12 16:55:28.806 DEBUG 55044 --- [http-nio-8701-exec-7] c.e.d.e.r.dao.ReaderInfoDao.selectList   : ==> Parameters: card(String)
2021-03-12 16:55:28.811 DEBUG 55044 --- [http-nio-8701-exec-7] c.e.d.e.r.dao.ReaderInfoDao.selectList   : <==      Total: 4
2021-03-12 16:55:28.812 DEBUG 55044 --- [http-nio-8701-exec-7] c.e.d.base.aspect.BaseAroundAspection    : ---请求方法:getPageList---执行时间:11
2021-03-12 16:55:28.812 DEBUG 55044 --- [http-nio-8701-exec-7] c.e.d.base.aspect.BaseAroundAspection    : ---返回参数:{"code":"000000","count":4,"data":[{"borrowMaxTimes":20,"borrowUsableTimes":20,"cardId":"202010211554151000043","createTime":1608649950000,"id":"1341280432649441281","isDel":0,"readerCardNo":"512529185212245896","readerCardType":"card","readerName":"王五","readerPhone":"15878789636","registerDate":1608566400000,"updateTime":1608650243000},{"borrowMaxTimes":20,"borrowUsableTimes":19,"cardId":"202010211554211000045","createTime":1603447629000,"id":"202010231007091000060","isDel":0,"readerCardNo":"511523199510152127","readerCardType":"card","readerName":"何敏","readerPhone":"15828451219","registerDate":1603382400000,"updateTime":1603905203000},{"borrowMaxTimes":20,"borrowUsableTimes":20,"cardId":"202010211554221000049","createTime":1603447603000,"id":"202010231006431000059","isDel":0,"readerCardNo":"511523199507075652","readerCardType":"card","readerName":"李四","readerPhone":"13879112458","registerDate":1603382400000,"updateTime":1603447668000},{"borrowMaxTimes":20,"borrowUsableTimes":20,"cardId":"202010211554221000048","createTime":1603447231000,"id":"202010231000311000058","isDel":0,"readerCardNo":"511523199308126685","readerCardType":"card","readerName":"张三","readerPhone":"15196637832","registerDate":1603296000000,"updateTime":1603449960000}],"msg":"交易成功"}
2021-03-12 16:55:28.813 DEBUG 55044 --- [http-nio-8701-exec-7] c.e.d.base.aspect.BaseAroundAspection    : ----------------------------------------------------------------------------------------------------end
2021-03-12 16:55:28.815  INFO 55044 --- [http-nio-8701-exec-7] c.e.demo.base.filter.LoginInterceptor    : LoginInterceptor postHandle 开始拦截.........
2021-03-12 16:55:28.815  INFO 55044 --- [http-nio-8701-exec-7] c.e.demo.base.filter.LoginInterceptor    : LoginInterceptor afterCompletion 开始拦截.........
2021-03-12 17:24:03.765  INFO 55044 --- [SpringContextShutdownHook] o.s.s.c.ThreadPoolTaskScheduler          : Shutting down ExecutorService 'defaultSockJsTaskScheduler'
2021-03-12 17:24:03.769  INFO 55044 --- [SpringContextShutdownHook] com.zaxxer.hikari.HikariDataSource       : HikariPool-1 - Shutdown initiated...
2021-03-12 17:24:03.777  INFO 55044 --- [SpringContextShutdownHook] com.zaxxer.hikari.HikariDataSource       : HikariPool-1 - Shutdown completed.
2021-03-12 17:24:27.288  INFO 54912 --- [main] com.example.demo.DemoApplication         : Starting DemoApplication on DESKTOP-5PPEK6U with PID 54912 (E:\1.IDEA\Workspace\spring-boot-hello\target\classes started by long_tao in E:\1.IDEA\Workspace\spring-boot-hello)
2021-03-12 17:24:27.291  INFO 54912 --- [main] com.example.demo.DemoApplication         : The following profiles are active: dev
2021-03-12 17:24:28.311  INFO 54912 --- [main] .s.d.r.c.RepositoryConfigurationDelegate : Multiple Spring Data modules found, entering strict repository configuration mode!
2021-03-12 17:24:28.313  INFO 54912 --- [main] .s.d.r.c.RepositoryConfigurationDelegate : Bootstrapping Spring Data Redis repositories in DEFAULT mode.
2021-03-12 17:24:28.366  INFO 54912 --- [main] .s.d.r.c.RepositoryConfigurationDelegate : Finished Spring Data repository scanning in 38ms. Found 0 Redis repository interfaces.
2021-03-12 17:24:28.484  WARN 54912 --- [main] o.m.s.mapper.ClassPathMapperScanner      : Skipping MapperFactoryBean with name 'bookChargeDao' and 'com.example.demo.executer.bookCharge.dao.BookChargeDao' mapperInterface. Bean already defined with the same name!
2021-03-12 17:24:28.484  WARN 54912 --- [main] o.m.s.mapper.ClassPathMapperScanner      : Skipping MapperFactoryBean with name 'bookInfoDao' and 'com.example.demo.executer.bookInfo.dao.BookInfoDao' mapperInterface. Bean already defined with the same name!
2021-03-12 17:24:28.484  WARN 54912 --- [main] o.m.s.mapper.ClassPathMapperScanner      : Skipping MapperFactoryBean with name 'borrowBookDao' and 'com.example.demo.executer.borrowBoook.dao.BorrowBookDao' mapperInterface. Bean already defined with the same name!
2021-03-12 17:24:28.484  WARN 54912 --- [main] o.m.s.mapper.ClassPathMapperScanner      : Skipping MapperFactoryBean with name 'topologyDao' and 'com.example.demo.executer.deviceTopDemo.dao.TopologyDao' mapperInterface. Bean already defined with the same name!
2021-03-12 17:24:28.484  WARN 54912 --- [main] o.m.s.mapper.ClassPathMapperScanner      : Skipping MapperFactoryBean with name 'loseBookDao' and 'com.example.demo.executer.loseBook.dao.LoseBookDao' mapperInterface. Bean already defined with the same name!
2021-03-12 17:24:28.484  WARN 54912 --- [main] o.m.s.mapper.ClassPathMapperScanner      : Skipping MapperFactoryBean with name 'readerBlackListDao' and 'com.example.demo.executer.readerBlackList.dao.ReaderBlackListDao' mapperInterface. Bean already defined with the same name!
2021-03-12 17:24:28.484  WARN 54912 --- [main] o.m.s.mapper.ClassPathMapperScanner      : Skipping MapperFactoryBean with name 'readerCardInfoDao' and 'com.example.demo.executer.readerCardInfo.dao.ReaderCardInfoDao' mapperInterface. Bean already defined with the same name!
2021-03-12 17:24:28.484  WARN 54912 --- [main] o.m.s.mapper.ClassPathMapperScanner      : Skipping MapperFactoryBean with name 'readerInfoDao' and 'com.example.demo.executer.readerInfo.dao.ReaderInfoDao' mapperInterface. Bean already defined with the same name!
2021-03-12 17:24:28.504  WARN 54912 --- [main] o.m.s.mapper.ClassPathMapperScanner      : No MyBatis mapper was found in '[com.example.demo.**.dao, com.example.demo.**.**.mapper]' package. Please check your configuration.
2021-03-12 17:24:29.699  INFO 54912 --- [main] o.s.b.w.embedded.tomcat.TomcatWebServer  : Tomcat initialized with port(s): 8701 (http)
2021-03-12 17:24:29.709  INFO 54912 --- [main] o.apache.catalina.core.StandardService   : Starting service [Tomcat]
2021-03-12 17:24:29.710  INFO 54912 --- [main] org.apache.catalina.core.StandardEngine  : Starting Servlet engine: [Apache Tomcat/9.0.35]
2021-03-12 17:24:29.863  INFO 54912 --- [main] o.a.c.c.C.[Tomcat].[localhost].[/]       : Initializing Spring embedded WebApplicationContext
2021-03-12 17:24:29.863  INFO 54912 --- [main] o.s.web.context.ContextLoader            : Root WebApplicationContext: initialization completed in 2310 ms
2021-03-12 17:24:31.471  WARN 54912 --- [main] c.b.m.core.injector.AbstractMethod       : [com.example.demo.executer.bookCharge.dao.BookChargeDao.selectOne] Has been loaded by XML or SqlProvider or Mybatis's Annotation, so ignoring this injection for [class com.baomidou.mybatisplus.core.injector.methods.SelectOne]
2021-03-12 17:24:31.533  WARN 54912 --- [main] c.b.m.core.injector.AbstractMethod       : [com.example.demo.executer.borrowBoook.dao.BorrowBookDao.selectOne] Has been loaded by XML or SqlProvider or Mybatis's Annotation, so ignoring this injection for [class com.baomidou.mybatisplus.core.injector.methods.SelectOne]
2021-03-12 17:24:31.555  WARN 54912 --- [main] c.b.m.core.injector.AbstractMethod       : [com.example.demo.executer.loseBook.dao.LoseBookDao.selectOne] Has been loaded by XML or SqlProvider or Mybatis's Annotation, so ignoring this injection for [class com.baomidou.mybatisplus.core.injector.methods.SelectOne]
2021-03-12 17:24:31.575  WARN 54912 --- [main] c.b.m.core.injector.AbstractMethod       : [com.example.demo.executer.readerBlackList.dao.ReaderBlackListDao.selectOne] Has been loaded by XML or SqlProvider or Mybatis's Annotation, so ignoring this injection for [class com.baomidou.mybatisplus.core.injector.methods.SelectOne]
2021-03-12 17:24:31.596  WARN 54912 --- [main] c.b.m.core.injector.AbstractMethod       : [com.example.demo.executer.readerCardInfo.dao.ReaderCardInfoDao.selectOne] Has been loaded by XML or SqlProvider or Mybatis's Annotation, so ignoring this injection for [class com.baomidou.mybatisplus.core.injector.methods.SelectOne]
2021-03-12 17:24:31.621  WARN 54912 --- [main] c.b.m.core.injector.AbstractMethod       : [com.example.demo.executer.readerInfo.dao.ReaderInfoDao.selectOne] Has been loaded by XML or SqlProvider or Mybatis's Annotation, so ignoring this injection for [class com.baomidou.mybatisplus.core.injector.methods.SelectOne]
2021-03-12 17:24:35.173  INFO 54912 --- [main] o.s.s.c.ThreadPoolTaskScheduler          : Initializing ExecutorService 'defaultSockJsTaskScheduler'
2021-03-12 17:24:38.152  INFO 54912 --- [main] o.s.b.w.embedded.tomcat.TomcatWebServer  : Tomcat started on port(s): 8701 (http) with context path ''
2021-03-12 17:24:38.163  INFO 54912 --- [main] com.example.demo.DemoApplication         : Started DemoApplication in 11.423 seconds (JVM running for 13.825)
2021-03-12 17:26:33.408  INFO 54912 --- [http-nio-8701-exec-1] o.a.c.c.C.[Tomcat].[localhost].[/]       : Initializing Spring DispatcherServlet 'dispatcherServlet'
2021-03-12 17:26:33.408  INFO 54912 --- [http-nio-8701-exec-1] o.s.web.servlet.DispatcherServlet        : Initializing Servlet 'dispatcherServlet'
2021-03-12 17:26:33.442  INFO 54912 --- [http-nio-8701-exec-1] o.s.web.servlet.DispatcherServlet        : Completed initialization in 33 ms
2021-03-12 17:26:33.451  INFO 54912 --- [http-nio-8701-exec-1] c.e.demo.base.filter.LoginInterceptor    : LoginInterceptor preHandle 开始拦截.........
2021-03-12 17:26:33.452  INFO 54912 --- [http-nio-8701-exec-1] c.e.demo.base.filter.LoginInterceptor    : appId = null
2021-03-12 17:26:33.547  INFO 54912 --- [http-nio-8701-exec-1] c.e.demo.base.filter.LoginInterceptor    : LoginInterceptor afterCompletion 开始拦截.........
2021-03-12 17:28:46.064  INFO 54912 --- [http-nio-8701-exec-5] c.e.demo.base.filter.LoginInterceptor    : LoginInterceptor preHandle 开始拦截.........
2021-03-12 17:28:46.064  INFO 54912 --- [http-nio-8701-exec-5] c.e.demo.base.filter.LoginInterceptor    : appId = null
2021-03-12 17:28:46.079 DEBUG 54912 --- [http-nio-8701-exec-5] c.e.d.base.aspect.BaseAroundAspection    : ----------------------------------------------------------------------------------------------------start
2021-03-12 17:28:46.079  INFO 54912 --- [http-nio-8701-exec-5] c.e.d.base.aspect.BaseAroundAspection    : ------BaseBeforeAspect---获取到请求参数------
2021-03-12 17:28:46.081 DEBUG 54912 --- [http-nio-8701-exec-5] c.e.d.base.aspect.BaseAroundAspection    : ---入口方法:com.example.demo.executer.readerInfo.controller.ReaderInfoController
2021-03-12 17:28:46.081 DEBUG 54912 --- [http-nio-8701-exec-5] c.e.d.base.aspect.BaseAroundAspection    : ---请求方法:deleteList
2021-03-12 17:28:46.128 DEBUG 54912 --- [http-nio-8701-exec-5] c.e.d.base.aspect.BaseAroundAspection    : ---请求参数:["111","222"]
2021-03-12 17:28:46.129 DEBUG 54912 --- [http-nio-8701-exec-5] c.e.d.base.aspect.BaseAroundAspection    : ------开始执行请求方法:deleteList
2021-03-12 17:28:46.167  INFO 54912 --- [http-nio-8701-exec-5] com.zaxxer.hikari.HikariDataSource       : HikariPool-1 - Starting...
2021-03-12 17:28:47.856  INFO 54912 --- [http-nio-8701-exec-5] com.zaxxer.hikari.HikariDataSource       : HikariPool-1 - Start completed.
2021-03-12 17:28:47.864 DEBUG 54912 --- [http-nio-8701-exec-5] c.e.d.e.r.d.R.deleteBatchIds             : ==>  Preparing: UPDATE t_reader_info SET is_del=1 WHERE id IN ( ? , ? ) AND is_del=0 
2021-03-12 17:28:47.885 DEBUG 54912 --- [http-nio-8701-exec-5] c.e.d.e.r.d.R.deleteBatchIds             : ==> Parameters: 111(String), 222(String)
2021-03-12 17:28:47.889 DEBUG 54912 --- [http-nio-8701-exec-5] c.e.d.e.r.d.R.deleteBatchIds             : <==    Updates: 0
2021-03-12 17:28:47.891 DEBUG 54912 --- [http-nio-8701-exec-5] c.e.d.base.aspect.BaseAroundAspection    : ---请求方法:deleteList---执行时间:1762
2021-03-12 17:28:47.921 DEBUG 54912 --- [http-nio-8701-exec-5] c.e.d.base.aspect.BaseAroundAspection    : ---返回参数:{"code":"000001","msg":"请求失败:批量删除失败"}
2021-03-12 17:28:47.921 DEBUG 54912 --- [http-nio-8701-exec-5] c.e.d.base.aspect.BaseAroundAspection    : ----------------------------------------------------------------------------------------------------end
2021-03-12 17:28:47.924  INFO 54912 --- [http-nio-8701-exec-5] c.e.demo.base.filter.LoginInterceptor    : LoginInterceptor postHandle 开始拦截.........
2021-03-12 17:28:47.924  INFO 54912 --- [http-nio-8701-exec-5] c.e.demo.base.filter.LoginInterceptor    : LoginInterceptor afterCompletion 开始拦截.........
2021-03-12 17:30:01.457  INFO 54912 --- [http-nio-8701-exec-9] c.e.demo.base.filter.LoginInterceptor    : LoginInterceptor preHandle 开始拦截.........
2021-03-12 17:30:01.457  INFO 54912 --- [http-nio-8701-exec-9] c.e.demo.base.filter.LoginInterceptor    : appId = null
2021-03-12 17:30:01.458 DEBUG 54912 --- [http-nio-8701-exec-9] c.e.d.base.aspect.BaseAroundAspection    : ----------------------------------------------------------------------------------------------------start
2021-03-12 17:30:01.458  INFO 54912 --- [http-nio-8701-exec-9] c.e.d.base.aspect.BaseAroundAspection    : ------BaseBeforeAspect---获取到请求参数------
2021-03-12 17:30:01.458 DEBUG 54912 --- [http-nio-8701-exec-9] c.e.d.base.aspect.BaseAroundAspection    : ---入口方法:com.example.demo.executer.readerInfo.controller.ReaderInfoController
2021-03-12 17:30:01.459 DEBUG 54912 --- [http-nio-8701-exec-9] c.e.d.base.aspect.BaseAroundAspection    : ---请求方法:deleteList
2021-03-12 17:30:01.459 DEBUG 54912 --- [http-nio-8701-exec-9] c.e.d.base.aspect.BaseAroundAspection    : ---请求参数:["202010231000311000058","222"]
2021-03-12 17:30:01.459 DEBUG 54912 --- [http-nio-8701-exec-9] c.e.d.base.aspect.BaseAroundAspection    : ------开始执行请求方法:deleteList
2021-03-12 17:30:01.462 DEBUG 54912 --- [http-nio-8701-exec-9] c.e.d.e.r.d.R.deleteBatchIds             : ==>  Preparing: UPDATE t_reader_info SET is_del=1 WHERE id IN ( ? , ? ) AND is_del=0 
2021-03-12 17:30:01.462 DEBUG 54912 --- [http-nio-8701-exec-9] c.e.d.e.r.d.R.deleteBatchIds             : ==> Parameters: 202010231000311000058(String), 222(String)
2021-03-12 17:30:01.475 DEBUG 54912 --- [http-nio-8701-exec-9] c.e.d.e.r.d.R.deleteBatchIds             : <==    Updates: 1
2021-03-12 17:30:01.475 DEBUG 54912 --- [http-nio-8701-exec-9] c.e.d.base.aspect.BaseAroundAspection    : ---请求方法:deleteList---执行时间:16
2021-03-12 17:30:01.475 DEBUG 54912 --- [http-nio-8701-exec-9] c.e.d.base.aspect.BaseAroundAspection    : ---返回参数:{"code":"000000","msg":"请求成功"}
2021-03-12 17:30:01.475 DEBUG 54912 --- [http-nio-8701-exec-9] c.e.d.base.aspect.BaseAroundAspection    : ----------------------------------------------------------------------------------------------------end
2021-03-12 17:30:01.476  INFO 54912 --- [http-nio-8701-exec-9] c.e.demo.base.filter.LoginInterceptor    : LoginInterceptor postHandle 开始拦截.........
2021-03-12 17:30:01.477  INFO 54912 --- [http-nio-8701-exec-9] c.e.demo.base.filter.LoginInterceptor    : LoginInterceptor afterCompletion 开始拦截.........
